This is pdfTeX, Version 3.1415926-2.5-1.40.14 (TeX Live 2013) (format=pdflatex 2013.9.4)  30 OCT 2013 13:46
entering extended mode
 restricted \write18 enabled.
 file:line:error style messages enabled.
 %&-line parsing enabled.
**common.sty
(./common.sty
LaTeX2e <2011/06/27>
Babel <3.9f> and hyphenation patterns for 21 languages loaded.

LaTeX Warning: You have requested package `',
               but the package provides `bevis'.

Package: bevis 
(/usr/local/texlive/2013basic/texmf-dist/tex/latex/nag/nag.sty
Package: nag 2011/11/25 0.7 warning about old commands (ulmi)
\c@nag@c=\count79
\c@nag@sins=\count80
Package nag Info: Loaded nag-l2tabu.cfg  on input line 552.

(/usr/local/texlive/2013basic/texmf-dist/tex/latex/nag/nag-l2tabu.cfg
File: nag-l2tabu.cfg 2010/05/17 v2.11 l2tabu rules for nag.sty (ulmi)
)
Package nag Info: Loaded nag-orthodox.cfg  on input line 552.

(/usr/local/texlive/2013basic/texmf-dist/tex/latex/nag/nag-orthodox.cfg
File: nag-orthodox.cfg 2006/04/19 v1.8 strict rules for nag.sty (ulmi)
))
(/usr/local/texlive/2013basic/texmf-dist/tex/latex/lm/lmodern.sty
Package: lmodern 2009/10/30 v1.6 Latin Modern Fonts
LaTeX Font Info:    Overwriting symbol font `operators' in version `normal'
(Font)                  OT1/cmr/m/n --> OT1/lmr/m/n on input line 22.
LaTeX Font Info:    Overwriting symbol font `letters' in version `normal'
(Font)                  OML/cmm/m/it --> OML/lmm/m/it on input line 23.
LaTeX Font Info:    Overwriting symbol font `symbols' in version `normal'
(Font)                  OMS/cmsy/m/n --> OMS/lmsy/m/n on input line 24.
LaTeX Font Info:    Overwriting symbol font `largesymbols' in version `normal'
(Font)                  OMX/cmex/m/n --> OMX/lmex/m/n on input line 25.
LaTeX Font Info:    Overwriting symbol font `operators' in version `bold'
(Font)                  OT1/cmr/bx/n --> OT1/lmr/bx/n on input line 26.
LaTeX Font Info:    Overwriting symbol font `letters' in version `bold'
(Font)                  OML/cmm/b/it --> OML/lmm/b/it on input line 27.
LaTeX Font Info:    Overwriting symbol font `symbols' in version `bold'
(Font)                  OMS/cmsy/b/n --> OMS/lmsy/b/n on input line 28.
LaTeX Font Info:    Overwriting symbol font `largesymbols' in version `bold'
(Font)                  OMX/cmex/m/n --> OMX/lmex/m/n on input line 29.
LaTeX Font Info:    Overwriting math alphabet `\mathbf' in version `normal'
(Font)                  OT1/cmr/bx/n --> OT1/lmr/bx/n on input line 31.
LaTeX Font Info:    Overwriting math alphabet `\mathsf' in version `normal'
(Font)                  OT1/cmss/m/n --> OT1/lmss/m/n on input line 32.
LaTeX Font Info:    Overwriting math alphabet `\mathit' in version `normal'
(Font)                  OT1/cmr/m/it --> OT1/lmr/m/it on input line 33.
LaTeX Font Info:    Overwriting math alphabet `\mathtt' in version `normal'
(Font)                  OT1/cmtt/m/n --> OT1/lmtt/m/n on input line 34.
LaTeX Font Info:    Overwriting math alphabet `\mathbf' in version `bold'
(Font)                  OT1/cmr/bx/n --> OT1/lmr/bx/n on input line 35.
LaTeX Font Info:    Overwriting math alphabet `\mathsf' in version `bold'
(Font)                  OT1/cmss/bx/n --> OT1/lmss/bx/n on input line 36.
LaTeX Font Info:    Overwriting math alphabet `\mathit' in version `bold'
(Font)                  OT1/cmr/bx/it --> OT1/lmr/bx/it on input line 37.
LaTeX Font Info:    Overwriting math alphabet `\mathtt' in version `bold'
(Font)                  OT1/cmtt/m/n --> OT1/lmtt/m/n on input line 38.
)
(/usr/local/texlive/2013basic/texmf-dist/tex/latex/psnfss/courier.sty
Package: courier 2005/04/12 PSNFSS-v9.2a (WaS) 
)
(/usr/local/texlive/2013basic/texmf-dist/tex/latex/geometry/geometry.sty
Package: geometry 2010/09/12 v5.6 Page Geometry

(/usr/local/texlive/2013basic/texmf-dist/tex/latex/graphics/keyval.sty
Package: keyval 1999/03/16 v1.13 key=value parser (DPC)
\KV@toks@=\toks14
)
(/usr/local/texlive/2013basic/texmf-dist/tex/generic/oberdiek/ifpdf.sty
Package: ifpdf 2011/01/30 v2.3 Provides the ifpdf switch (HO)
Package ifpdf Info: pdfTeX in PDF mode is detected.
)
(/usr/local/texlive/2013basic/texmf-dist/tex/generic/oberdiek/ifvtex.sty
Package: ifvtex 2010/03/01 v1.5 Detect VTeX and its facilities (HO)
Package ifvtex Info: VTeX not detected.
)
(/usr/local/texlive/2013basic/texmf-dist/tex/generic/ifxetex/ifxetex.sty
Package: ifxetex 2010/09/12 v0.6 Provides ifxetex conditional
)
\Gm@cnth=\count81
\Gm@cntv=\count82
\c@Gm@tempcnt=\count83
\Gm@bindingoffset=\dimen102
\Gm@wd@mp=\dimen103
\Gm@odd@mp=\dimen104
\Gm@even@mp=\dimen105
\Gm@layoutwidth=\dimen106
\Gm@layoutheight=\dimen107
\Gm@layouthoffset=\dimen108
\Gm@layoutvoffset=\dimen109
\Gm@dimlist=\toks15

/usr/local/texlive/2013basic/texmf-dist/tex/latex/geometry/geometry.sty:992: Mi
ssing \endcsname inserted.
<to be read again> 
                   \@classoptionslist 
l.992 \ProcessOptionsKV[c]{Gm}
                              %
The control sequence marked <to be read again> should
not appear between \csname and \endcsname.

/usr/local/texlive/2013basic/texmf-dist/tex/latex/geometry/geometry.sty:992: Ex
tra \endcsname.
\@ifundefined ...dafter \ifx \csname #1\endcsname 
                                                  \relax \expandafter \@firs...
l.992 \ProcessOptionsKV[c]{Gm}
                              %
I'm ignoring this, since I wasn't doing a \csname.

) (/usr/local/texlive/2013basic/texmf-dist/tex/generic/babel/babel.sty
Package: babel 2013/10/10 3.9g The Babel package

(/usr/local/texlive/2013basic/texmf-dist/tex/generic/babel/switch.def
File: switch.def 2013/10/10 3.9g Babel switching mechanism
)
/usr/local/texlive/2013basic/texmf-dist/tex/generic/babel/babel.sty:287: Missin
g \endcsname inserted.
<to be read again> 
                   \@classoptionslist 
l.287     \@empty}
                  
The control sequence marked <to be read again> should
not appear between \csname and \endcsname.

/usr/local/texlive/2013basic/texmf-dist/tex/generic/babel/babel.sty:287: Extra 
\endcsname.
\@ifundefined ...dafter \ifx \csname #1\endcsname 
                                                  \relax \expandafter \@firs...
l.287     \@empty}
                  
I'm ignoring this, since I wasn't doing a \csname.


/usr/local/texlive/2013basic/texmf-dist/tex/generic/babel/babel.sty:287: LaTeX 
Error: Missing \begin{document}.

See the LaTeX manual or LaTeX Companion for explanation.
Type  H <return>  for immediate help.
 ...                                              
                                                  
l.287     \@empty}
                  
You're in trouble here.  Try typing  <return>  to proceed.
If that doesn't work, type  X <return>  to quit.

Missing character: There is no . in font nullfont!
Missing character: There is no l in font nullfont!
Missing character: There is no d in font nullfont!
Missing character: There is no f in font nullfont!
/usr/local/texlive/2013basic/texmf-dist/tex/generic/babel/babel.sty:287: Missin
g \endcsname inserted.
<to be read again> 
                   \@classoptionslist 
l.287     \@empty}
                  
The control sequence marked <to be read again> should
not appear between \csname and \endcsname.

/usr/local/texlive/2013basic/texmf-dist/tex/generic/babel/babel.sty:296: Missin
g \endcsname inserted.
<to be read again> 
                   \@classoptionslist 
l.296 \ProcessOptions*
                      
The control sequence marked <to be read again> should
not appear between \csname and \endcsname.

/usr/local/texlive/2013basic/texmf-dist/tex/generic/babel/babel.sty:296: Extra 
\endcsname.
\@use@ption ...sname ds@\CurrentOption \endcsname 
                                                  
l.296 \ProcessOptions*
                      
I'm ignoring this, since I wasn't doing a \csname.

/usr/local/texlive/2013basic/texmf-dist/tex/generic/babel/babel.sty:296: Missin
g \endcsname inserted.
<to be read again> 
                   \@classoptionslist 
l.296 \ProcessOptions*
                      
The control sequence marked <to be read again> should
not appear between \csname and \endcsname.

/usr/local/texlive/2013basic/texmf-dist/tex/generic/babel/babel.sty:296: Extra 
\endcsname.
<argument> ...csname ds@\CurrentOption \endcsname 
                                                  \@empty \fi \fi 
l.296 \ProcessOptions*
                      
I'm ignoring this, since I wasn't doing a \csname.

(/usr/local/texlive/2013basic/texmf-dist/tex/generic/babel-swedish/swedish.ldf
Language: swedish 2005/03/31 v2.3d Swedish support from the babel system

(/usr/local/texlive/2013basic/texmf-dist/tex/generic/babel/babel.def
File: babel.def 2013/10/10 3.9g Babel common definitions
\babel@savecnt=\count84
\U@D=\dimen110
)
Package babel Info: Making " an active character on input line 90.
)
/usr/local/texlive/2013basic/texmf-dist/tex/generic/babel/babel.sty:296: Missin
g \endcsname inserted.
<to be read again> 
                   \@classoptionslist 
l.296 \ProcessOptions*
                      
The control sequence marked <to be read again> should
not appear between \csname and \endcsname.

/usr/local/texlive/2013basic/texmf-dist/tex/generic/babel/babel.sty:296: Extra 
\endcsname.
<argument> ...csname ds@\CurrentOption \endcsname 
                                                  \relax 
l.296 \ProcessOptions*
                      
I'm ignoring this, since I wasn't doing a \csname.

) (/usr/local/texlive/2013basic/texmf-dist/tex/latex/base/inputenc.sty
Overfull \hbox (20.0pt too wide) in paragraph at lines 287--54
[]
 []

Package: inputenc 2008/03/30 v1.1d Input encoding file
\inpenc@prehook=\toks16
\inpenc@posthook=\toks17
(/usr/local/texlive/2013basic/texmf-dist/tex/latex/base/utf8.def
File: utf8.def 2008/04/05 v1.1m UTF-8 support for inputenc
Now handling font encoding OML ...
... no UTF-8 mapping file for font encoding OML
Now handling font encoding T1 ...
... processing UTF-8 mapping file for font encoding T1

(/usr/local/texlive/2013basic/texmf-dist/tex/latex/base/t1enc.dfu
File: t1enc.dfu 2008/04/05 v1.1m UTF-8 support for inputenc
   defining Unicode char U+00A1 (decimal 161)
   defining Unicode char U+00A3 (decimal 163)
   defining Unicode char U+00AB (decimal 171)
   defining Unicode char U+00BB (decimal 187)
   defining Unicode char U+00BF (decimal 191)
   defining Unicode char U+00C0 (decimal 192)
   defining Unicode char U+00C1 (decimal 193)
   defining Unicode char U+00C2 (decimal 194)
   defining Unicode char U+00C3 (decimal 195)
   defining Unicode char U+00C4 (decimal 196)
   defining Unicode char U+00C5 (decimal 197)
   defining Unicode char U+00C6 (decimal 198)
   defining Unicode char U+00C7 (decimal 199)
   defining Unicode char U+00C8 (decimal 200)
   defining Unicode char U+00C9 (decimal 201)
   defining Unicode char U+00CA (decimal 202)
   defining Unicode char U+00CB (decimal 203)
   defining Unicode char U+00CC (decimal 204)
   defining Unicode char U+00CD (decimal 205)
   defining Unicode char U+00CE (decimal 206)
   defining Unicode char U+00CF (decimal 207)
   defining Unicode char U+00D0 (decimal 208)
   defining Unicode char U+00D1 (decimal 209)
   defining Unicode char U+00D2 (decimal 210)
   defining Unicode char U+00D3 (decimal 211)
   defining Unicode char U+00D4 (decimal 212)
   defining Unicode char U+00D5 (decimal 213)
   defining Unicode char U+00D6 (decimal 214)
   defining Unicode char U+00D8 (decimal 216)
   defining Unicode char U+00D9 (decimal 217)
   defining Unicode char U+00DA (decimal 218)
   defining Unicode char U+00DB (decimal 219)
   defining Unicode char U+00DC (decimal 220)
   defining Unicode char U+00DD (decimal 221)
   defining Unicode char U+00DE (decimal 222)
   defining Unicode char U+00DF (decimal 223)
   defining Unicode char U+00E0 (decimal 224)
   defining Unicode char U+00E1 (decimal 225)
   defining Unicode char U+00E2 (decimal 226)
   defining Unicode char U+00E3 (decimal 227)
   defining Unicode char U+00E4 (decimal 228)
   defining Unicode char U+00E5 (decimal 229)
   defining Unicode char U+00E6 (decimal 230)
   defining Unicode char U+00E7 (decimal 231)
   defining Unicode char U+00E8 (decimal 232)
   defining Unicode char U+00E9 (decimal 233)
   defining Unicode char U+00EA (decimal 234)
   defining Unicode char U+00EB (decimal 235)
   defining Unicode char U+00EC (decimal 236)
   defining Unicode char U+00ED (decimal 237)
   defining Unicode char U+00EE (decimal 238)
   defining Unicode char U+00EF (decimal 239)
   defining Unicode char U+00F0 (decimal 240)
   defining Unicode char U+00F1 (decimal 241)
   defining Unicode char U+00F2 (decimal 242)
   defining Unicode char U+00F3 (decimal 243)
   defining Unicode char U+00F4 (decimal 244)
   defining Unicode char U+00F5 (decimal 245)
   defining Unicode char U+00F6 (decimal 246)
   defining Unicode char U+00F8 (decimal 248)
   defining Unicode char U+00F9 (decimal 249)
   defining Unicode char U+00FA (decimal 250)
   defining Unicode char U+00FB (decimal 251)
   defining Unicode char U+00FC (decimal 252)
   defining Unicode char U+00FD (decimal 253)
   defining Unicode char U+00FE (decimal 254)
   defining Unicode char U+00FF (decimal 255)
   defining Unicode char U+0102 (decimal 258)
   defining Unicode char U+0103 (decimal 259)
   defining Unicode char U+0104 (decimal 260)
   defining Unicode char U+0105 (decimal 261)
   defining Unicode char U+0106 (decimal 262)
   defining Unicode char U+0107 (decimal 263)
   defining Unicode char U+010C (decimal 268)
   defining Unicode char U+010D (decimal 269)
   defining Unicode char U+010E (decimal 270)
   defining Unicode char U+010F (decimal 271)
   defining Unicode char U+0110 (decimal 272)
   defining Unicode char U+0111 (decimal 273)
   defining Unicode char U+0118 (decimal 280)
   defining Unicode char U+0119 (decimal 281)
   defining Unicode char U+011A (decimal 282)
   defining Unicode char U+011B (decimal 283)
   defining Unicode char U+011E (decimal 286)
   defining Unicode char U+011F (decimal 287)
   defining Unicode char U+0130 (decimal 304)
   defining Unicode char U+0131 (decimal 305)
   defining Unicode char U+0132 (decimal 306)
   defining Unicode char U+0133 (decimal 307)
   defining Unicode char U+0139 (decimal 313)
   defining Unicode char U+013A (decimal 314)
   defining Unicode char U+013D (decimal 317)
   defining Unicode char U+013E (decimal 318)
   defining Unicode char U+0141 (decimal 321)
   defining Unicode char U+0142 (decimal 322)
   defining Unicode char U+0143 (decimal 323)
   defining Unicode char U+0144 (decimal 324)
   defining Unicode char U+0147 (decimal 327)
   defining Unicode char U+0148 (decimal 328)
   defining Unicode char U+014A (decimal 330)
   defining Unicode char U+014B (decimal 331)
   defining Unicode char U+0150 (decimal 336)
   defining Unicode char U+0151 (decimal 337)
   defining Unicode char U+0152 (decimal 338)
   defining Unicode char U+0153 (decimal 339)
   defining Unicode char U+0154 (decimal 340)
   defining Unicode char U+0155 (decimal 341)
   defining Unicode char U+0158 (decimal 344)
   defining Unicode char U+0159 (decimal 345)
   defining Unicode char U+015A (decimal 346)
   defining Unicode char U+015B (decimal 347)
   defining Unicode char U+015E (decimal 350)
   defining Unicode char U+015F (decimal 351)
   defining Unicode char U+0160 (decimal 352)
   defining Unicode char U+0161 (decimal 353)
   defining Unicode char U+0162 (decimal 354)
   defining Unicode char U+0163 (decimal 355)
   defining Unicode char U+0164 (decimal 356)
   defining Unicode char U+0165 (decimal 357)
   defining Unicode char U+016E (decimal 366)
   defining Unicode char U+016F (decimal 367)
   defining Unicode char U+0170 (decimal 368)
   defining Unicode char U+0171 (decimal 369)
   defining Unicode char U+0178 (decimal 376)
   defining Unicode char U+0179 (decimal 377)
   defining Unicode char U+017A (decimal 378)
   defining Unicode char U+017B (decimal 379)
   defining Unicode char U+017C (decimal 380)
   defining Unicode char U+017D (decimal 381)
   defining Unicode char U+017E (decimal 382)
   defining Unicode char U+200C (decimal 8204)
   defining Unicode char U+2013 (decimal 8211)
   defining Unicode char U+2014 (decimal 8212)
   defining Unicode char U+2018 (decimal 8216)
   defining Unicode char U+2019 (decimal 8217)
   defining Unicode char U+201A (decimal 8218)
   defining Unicode char U+201C (decimal 8220)
   defining Unicode char U+201D (decimal 8221)
   defining Unicode char U+201E (decimal 8222)
   defining Unicode char U+2030 (decimal 8240)
   defining Unicode char U+2031 (decimal 8241)
   defining Unicode char U+2039 (decimal 8249)
   defining Unicode char U+203A (decimal 8250)
   defining Unicode char U+2423 (decimal 9251)
)
Now handling font encoding OT1 ...
... processing UTF-8 mapping file for font encoding OT1

(/usr/local/texlive/2013basic/texmf-dist/tex/latex/base/ot1enc.dfu
File: ot1enc.dfu 2008/04/05 v1.1m UTF-8 support for inputenc
   defining Unicode char U+00A1 (decimal 161)
   defining Unicode char U+00A3 (decimal 163)
   defining Unicode char U+00B8 (decimal 184)
   defining Unicode char U+00BF (decimal 191)
   defining Unicode char U+00C5 (decimal 197)
   defining Unicode char U+00C6 (decimal 198)
   defining Unicode char U+00D8 (decimal 216)
   defining Unicode char U+00DF (decimal 223)
   defining Unicode char U+00E6 (decimal 230)
   defining Unicode char U+00EC (decimal 236)
   defining Unicode char U+00ED (decimal 237)
   defining Unicode char U+00EE (decimal 238)
   defining Unicode char U+00EF (decimal 239)
   defining Unicode char U+00F8 (decimal 248)
   defining Unicode char U+0131 (decimal 305)
   defining Unicode char U+0141 (decimal 321)
   defining Unicode char U+0142 (decimal 322)
   defining Unicode char U+0152 (decimal 338)
   defining Unicode char U+0153 (decimal 339)
   defining Unicode char U+2013 (decimal 8211)
   defining Unicode char U+2014 (decimal 8212)
   defining Unicode char U+2018 (decimal 8216)
   defining Unicode char U+2019 (decimal 8217)
   defining Unicode char U+201C (decimal 8220)
   defining Unicode char U+201D (decimal 8221)
)
Now handling font encoding OMS ...
... processing UTF-8 mapping file for font encoding OMS

(/usr/local/texlive/2013basic/texmf-dist/tex/latex/base/omsenc.dfu
File: omsenc.dfu 2008/04/05 v1.1m UTF-8 support for inputenc
   defining Unicode char U+00A7 (decimal 167)
   defining Unicode char U+00B6 (decimal 182)
   defining Unicode char U+00B7 (decimal 183)
   defining Unicode char U+2020 (decimal 8224)
   defining Unicode char U+2021 (decimal 8225)
   defining Unicode char U+2022 (decimal 8226)
)
Now handling font encoding OMX ...
... no UTF-8 mapping file for font encoding OMX
Now handling font encoding U ...
... no UTF-8 mapping file for font encoding U
   defining Unicode char U+00A9 (decimal 169)
   defining Unicode char U+00AA (decimal 170)
   defining Unicode char U+00AE (decimal 174)
   defining Unicode char U+00BA (decimal 186)
   defining Unicode char U+02C6 (decimal 710)
   defining Unicode char U+02DC (decimal 732)
   defining Unicode char U+200C (decimal 8204)
   defining Unicode char U+2026 (decimal 8230)
   defining Unicode char U+2122 (decimal 8482)
   defining Unicode char U+2423 (decimal 9251)
))
(/usr/local/texlive/2013basic/texmf-dist/tex/latex/base/fontenc.sty
Package: fontenc 2005/09/27 v1.99g Standard LaTeX package

(/usr/local/texlive/2013basic/texmf-dist/tex/latex/base/t1enc.def
File: t1enc.def 2005/09/27 v1.99g Standard LaTeX file
LaTeX Font Info:    Redeclaring font encoding T1 on input line 43.
))
(/usr/local/texlive/2013basic/texmf-dist/tex/latex/parskip/parskip.sty
Package: parskip 2001/04/09 non-zero parskip adjustments
)
(/usr/local/texlive/2013basic/texmf-dist/tex/latex/hyphenat/hyphenat.sty
Package: hyphenat 2009/09/02 v2.3c hyphenation utilities
\langwohyphens=\language22
LaTeX Info: Redefining \_ on input line 43.
)
(/usr/local/texlive/2013basic/texmf-dist/tex/latex/microtype/microtype.sty
Package: microtype 2013/05/23 v2.5a Micro-typographical refinements (RS)
\MT@toks=\toks18
\MT@count=\count85
LaTeX Info: Redefining \textls on input line 766.
\MT@outer@kern=\dimen111
LaTeX Info: Redefining \textmicrotypecontext on input line 1285.
\MT@listname@count=\count86

(/usr/local/texlive/2013basic/texmf-dist/tex/latex/microtype/microtype-pdftex.d
ef
File: microtype-pdftex.def 2013/05/23 v2.5a Definitions specific to pdftex (RS)

LaTeX Info: Redefining \lsstyle on input line 915.
LaTeX Info: Redefining \lslig on input line 915.
\MT@outer@space=\skip41
)
Package microtype Info: Loading configuration file microtype.cfg.
 (/usr/local/texlive/2013basic/texmf-dist/tex/latex/microtype/microtype.cfg
File: microtype.cfg 2013/05/23 v2.5a microtype main configuration file (RS)


/usr/local/texlive/2013basic/texmf-dist/tex/latex/microtype/microtype.cfg:64: L
aTeX Error: The font size command \normalsize is not defined:
               there is probably something wrong with the class file.

See the LaTeX manual or LaTeX Companion for explanation.
Type  H <return>  for immediate help.
 ...                                              
                                                  
l.64    }
         
Your command was ignored.
Type  I <command> <return>  to replace it with another command,
or  <return>  to continue without it.

/usr/local/texlive/2013basic/texmf-dist/tex/latex/microtype/microtype.cfg:64: U
ndefined control sequence.
\MT@get@size ... \def \MT@val {##2}}\@tempa \@nil 
                                                  \fi \MT@ifdimen \MT@val {\...
l.64    }
         
The control sequence at the end of the top line
of your error message was never \def'ed. If you have
misspelled it (e.g., `\hobx'), type `I' and the correct
spelling (e.g., `I\hbox'). Otherwise just continue,
and I'll forget about whatever was undefined.


Package microtype Warning: Could not parse font size `normalsize'
(microtype)                in font set `basicmath' on input line 64.


Package microtype Warning: Could not parse font size `footnotesize'
(microtype)                in font set `basicmath' on input line 64.


Package microtype Warning: Could not parse font size `small'
(microtype)                in font set `basicmath' on input line 64.


Package microtype Warning: Could not parse font size `large'
(microtype)                in font set `basicmath' on input line 64.

/usr/local/texlive/2013basic/texmf-dist/tex/latex/microtype/microtype.cfg:64: E
xtra }, or forgotten \endgroup.
\MT@clist@function ...,footnotesize,small,large}}}
                                                  
l.64    }
         
I've deleted a group-closing symbol because it seems to be
spurious, as in `$x}$'. But perhaps the } is legitimate and
you forgot something else, as in `\hbox{$x}'. In such cases
the way to recover is to insert both the forgotten and the
deleted material, e.g., by typing `I$}'.


Package microtype Warning: Could not parse font size `ex'
(microtype)                in font set `basicmath' on input line 64.

/usr/local/texlive/2013basic/texmf-dist/tex/latex/microtype/microtype.cfg:64: M
issing $ inserted.
<inserted text> 
                $
l.64    }
         
I've inserted a begin-math/end-math symbol since I think
you left one out. Proceed, with fingers crossed.


/usr/local/texlive/2013basic/texmf-dist/tex/latex/microtype/microtype.cfg:64: L
aTeX Error: Missing \begin{document}.

See the LaTeX manual or LaTeX Companion for explanation.
Type  H <return>  for immediate help.
 ...                                              
                                                  
l.64    }
         
You're in trouble here.  Try typing  <return>  to proceed.
If that doesn't work, type  X <return>  to quit.

LaTeX Font Info:    Try loading font information for OT1+lmr on input line 64.
(/usr/local/texlive/2013basic/texmf-dist/tex/latex/lm/ot1lmr.fd
File: ot1lmr.fd 2009/10/30 v1.6 Font defs for Latin Modern
)
LaTeX Font Info:    Try loading font information for OML+lmm on input line 64.

(/usr/local/texlive/2013basic/texmf-dist/tex/latex/lm/omllmm.fd
File: omllmm.fd 2009/10/30 v1.6 Font defs for Latin Modern
)
LaTeX Font Info:    Try loading font information for OMS+lmsy on input line 64.


(/usr/local/texlive/2013basic/texmf-dist/tex/latex/lm/omslmsy.fd
File: omslmsy.fd 2009/10/30 v1.6 Font defs for Latin Modern
)
LaTeX Font Info:    Try loading font information for OMX+lmex on input line 64.


(/usr/local/texlive/2013basic/texmf-dist/tex/latex/lm/omxlmex.fd
File: omxlmex.fd 2009/10/30 v1.6 Font defs for Latin Modern
)
LaTeX Font Info:    External font `lmex10' loaded for size
(Font)              <10> on input line 64.
LaTeX Font Info:    External font `lmex10' loaded for size
(Font)              <7> on input line 64.
LaTeX Font Info:    External font `lmex10' loaded for size
(Font)              <5> on input line 64.

/usr/local/texlive/2013basic/texmf-dist/tex/latex/microtype/microtype.cfg:64: U
ndefined control sequence.
\MT@get@size ... \def \MT@val {##2}}\@tempa \@nil 
                                                  \fi \MT@ifdimen \MT@val {\...
l.64    }
         
The control sequence at the end of the top line
of your error message was never \def'ed. If you have
misspelled it (e.g., `\hobx'), type `I' and the correct
spelling (e.g., `I\hbox'). Otherwise just continue,
and I'll forget about whatever was undefined.

/usr/local/texlive/2013basic/texmf-dist/tex/latex/microtype/microtype.cfg:64: M
issing { inserted.
<to be read again> 
                   \begingroup 
l.64    }
         
A left brace was mandatory here, so I've put one in.
You might want to delete and/or insert some corrections
so that I will find a matching right brace soon.
(If you're confused by all this, try typing `I}' now.)


Package microtype Warning: Could not parse font size `sp'
(microtype)                in font set `basicmath' on input line 64.


Package microtype Warning: Could not parse font size `kn'
(microtype)                in font set `basicmath' on input line 64.


Package microtype Warning: Could not parse font size `tr'
(microtype)                in font set `basicmath' on input line 64.


/usr/local/texlive/2013basic/texmf-dist/tex/latex/microtype/microtype.cfg:71: L
aTeX Error: The font size command \normalsize is not defined:
               there is probably something wrong with the class file.

See the LaTeX manual or LaTeX Companion for explanation.
Type  H <return>  for immediate help.
 ...                                              
                                                  
l.71    }
         
Your command was ignored.
Type  I <command> <return>  to replace it with another command,
or  <return>  to continue without it.

/usr/local/texlive/2013basic/texmf-dist/tex/latex/microtype/microtype.cfg:71: U
ndefined control sequence.
\MT@get@size ... \def \MT@val {##2}}\@tempa \@nil 
                                                  \fi \MT@ifdimen \MT@val {\...
l.71    }
         
The control sequence at the end of the top line
of your error message was never \def'ed. If you have
misspelled it (e.g., `\hobx'), type `I' and the correct
spelling (e.g., `I\hbox'). Otherwise just continue,
and I'll forget about whatever was undefined.


Package microtype Warning: Could not parse font size `normalsize'
(microtype)                in font set `basictext' on input line 71.


Package microtype Warning: Could not parse font size `footnotesize'
(microtype)                in font set `basictext' on input line 71.


Package microtype Warning: Could not parse font size `small'
(microtype)                in font set `basictext' on input line 71.


Package microtype Warning: Could not parse font size `large'
(microtype)                in font set `basictext' on input line 71.

/usr/local/texlive/2013basic/texmf-dist/tex/latex/microtype/microtype.cfg:71: E
xtra }, or forgotten \endgroup.
\MT@clist@function ...,footnotesize,small,large}}}
                                                  
l.71    }
         
I've deleted a group-closing symbol because it seems to be
spurious, as in `$x}$'. But perhaps the } is legitimate and
you forgot something else, as in `\hbox{$x}'. In such cases
the way to recover is to insert both the forgotten and the
deleted material, e.g., by typing `I$}'.


Package microtype Warning: Could not parse font size `ex'
(microtype)                in font set `basictext' on input line 71.

/usr/local/texlive/2013basic/texmf-dist/tex/latex/microtype/microtype.cfg:71: U
ndefined control sequence.
\MT@get@size ... \def \MT@val {##2}}\@tempa \@nil 
                                                  \fi \MT@ifdimen \MT@val {\...
l.71    }
         
The control sequence at the end of the top line
of your error message was never \def'ed. If you have
misspelled it (e.g., `\hobx'), type `I' and the correct
spelling (e.g., `I\hbox'). Otherwise just continue,
and I'll forget about whatever was undefined.

/usr/local/texlive/2013basic/texmf-dist/tex/latex/microtype/microtype.cfg:71: M
issing { inserted.
<to be read again> 
                   \begingroup 
l.71    }
         
A left brace was mandatory here, so I've put one in.
You might want to delete and/or insert some corrections
so that I will find a matching right brace soon.
(If you're confused by all this, try typing `I}' now.)


Package microtype Warning: Could not parse font size `sp'
(microtype)                in font set `basictext' on input line 71.


Package microtype Warning: Could not parse font size `kn'
(microtype)                in font set `basictext' on input line 71.


Package microtype Warning: Could not parse font size `tr'
(microtype)                in font set `basictext' on input line 71.


Package microtype Warning: Could not parse font size `small'
(microtype)                in font set `footnotesize' on input line 81.


Package microtype Warning: Could not parse font size `small'
(microtype)                in font set `footnotesize' on input line 81.


Package microtype Warning: Could not parse font size `small'
(microtype)                in font set `footnotesize' on input line 81.


Package microtype Warning: Could not parse font size `small'
(microtype)                in font set `footnotesize' on input line 81.


Package microtype Warning: Could not parse font size `small'
(microtype)                in font set `footnotesize' on input line 81.


Package microtype Warning: Could not parse font size `footnotesize'
(microtype)                in font set `scriptsize' on input line 86.


Package microtype Warning: Could not parse font size `footnotesize'
(microtype)                in font set `scriptsize' on input line 86.


Package microtype Warning: Could not parse font size `footnotesize'
(microtype)                in font set `scriptsize' on input line 86.


Package microtype Warning: Could not parse font size `footnotesize'
(microtype)                in font set `scriptsize' on input line 86.


Package microtype Warning: Could not parse font size `footnotesize'
(microtype)                in font set `scriptsize' on input line 86.


/usr/local/texlive/2013basic/texmf-dist/tex/latex/microtype/microtype.cfg:89: L
aTeX Error: The font size command \normalsize is not defined:
               there is probably something wrong with the class file.

See the LaTeX manual or LaTeX Companion for explanation.
Type  H <return>  for immediate help.
 ...                                              
                                                  
l.89    { font = */*/*/*/* }
                            
Your command was ignored.
Type  I <command> <return>  to replace it with another command,
or  <return>  to continue without it.

/usr/local/texlive/2013basic/texmf-dist/tex/latex/microtype/microtype.cfg:89: U
ndefined control sequence.
\MT@get@size ... \def \MT@val {##2}}\@tempa \@nil 
                                                  \fi \MT@ifdimen \MT@val {\...
l.89    { font = */*/*/*/* }
                            
The control sequence at the end of the top line
of your error message was never \def'ed. If you have
misspelled it (e.g., `\hobx'), type `I' and the correct
spelling (e.g., `I\hbox'). Otherwise just continue,
and I'll forget about whatever was undefined.


Package microtype Warning: Could not parse font size `*'
(microtype)                in font set `normalfont' on input line 89.

/usr/local/texlive/2013basic/texmf-dist/tex/latex/microtype/microtype.cfg:89: E
xtra }, or forgotten \endgroup.
\MT@clist@function ...normalfont}{font=*/*/*/*/*}}
                                                  
l.89    { font = */*/*/*/* }
                            
I've deleted a group-closing symbol because it seems to be
spurious, as in `$x}$'. But perhaps the } is legitimate and
you forgot something else, as in `\hbox{$x}'. In such cases
the way to recover is to insert both the forgotten and the
deleted material, e.g., by typing `I$}'.


Package microtype Warning: family axis is empty in font specification
(microtype)                `ex////'. Using `lmr' instead on input line 89.


Package microtype Warning: series axis is empty in font specification
(microtype)                `ex////'. Using `m' instead on input line 89.


Package microtype Warning: shape axis is empty in font specification
(microtype)                `ex////'. Using `n' instead on input line 89.


Package microtype Warning: size axis is empty in font specification
(microtype)                `ex////'. Using `\normalsize' instead on input line 
89.


/usr/local/texlive/2013basic/texmf-dist/tex/latex/microtype/microtype.cfg:89: L
aTeX Error: The font size command \normalsize is not defined:
               there is probably something wrong with the class file.

See the LaTeX manual or LaTeX Companion for explanation.
Type  H <return>  for immediate help.
 ...                                              
                                                  
l.89    { font = */*/*/*/* }
                            
Your command was ignored.
Type  I <command> <return>  to replace it with another command,
or  <return>  to continue without it.

/usr/local/texlive/2013basic/texmf-dist/tex/latex/microtype/microtype.cfg:89: U
ndefined control sequence.
\MT@get@size ... \def \MT@val {##2}}\@tempa \@nil 
                                                  \fi \MT@ifdimen \MT@val {\...
l.89    { font = */*/*/*/* }
                            
The control sequence at the end of the top line
of your error message was never \def'ed. If you have
misspelled it (e.g., `\hobx'), type `I' and the correct
spelling (e.g., `I\hbox'). Otherwise just continue,
and I'll forget about whatever was undefined.


Package microtype Warning: Could not parse font size `*'
(microtype)                in font set `normalfont' on input line 89.


Package microtype Warning: family axis is empty in font specification
(microtype)                `sp////'. Using `lmr' instead on input line 89.


Package microtype Warning: series axis is empty in font specification
(microtype)                `sp////'. Using `m' instead on input line 89.


Package microtype Warning: shape axis is empty in font specification
(microtype)                `sp////'. Using `n' instead on input line 89.


Package microtype Warning: size axis is empty in font specification
(microtype)                `sp////'. Using `\normalsize' instead on input line 
89.


/usr/local/texlive/2013basic/texmf-dist/tex/latex/microtype/microtype.cfg:89: L
aTeX Error: The font size command \normalsize is not defined:
               there is probably something wrong with the class file.

See the LaTeX manual or LaTeX Companion for explanation.
Type  H <return>  for immediate help.
 ...                                              
                                                  
l.89    { font = */*/*/*/* }
                            
Your command was ignored.
Type  I <command> <return>  to replace it with another command,
or  <return>  to continue without it.

/usr/local/texlive/2013basic/texmf-dist/tex/latex/microtype/microtype.cfg:89: U
ndefined control sequence.
\MT@get@size ... \def \MT@val {##2}}\@tempa \@nil 
                                                  \fi \MT@ifdimen \MT@val {\...
l.89    { font = */*/*/*/* }
                            
The control sequence at the end of the top line
of your error message was never \def'ed. If you have
misspelled it (e.g., `\hobx'), type `I' and the correct
spelling (e.g., `I\hbox'). Otherwise just continue,
and I'll forget about whatever was undefined.


Package microtype Warning: Could not parse font size `*'
(microtype)                in font set `normalfont' on input line 89.


Package microtype Warning: family axis is empty in font specification
(microtype)                `kn////'. Using `lmr' instead on input line 89.


Package microtype Warning: series axis is empty in font specification
(microtype)                `kn////'. Using `m' instead on input line 89.


Package microtype Warning: shape axis is empty in font specification
(microtype)                `kn////'. Using `n' instead on input line 89.


Package microtype Warning: size axis is empty in font specification
(microtype)                `kn////'. Using `\normalsize' instead on input line 
89.


/usr/local/texlive/2013basic/texmf-dist/tex/latex/microtype/microtype.cfg:89: L
aTeX Error: The font size command \normalsize is not defined:
               there is probably something wrong with the class file.

See the LaTeX manual or LaTeX Companion for explanation.
Type  H <return>  for immediate help.
 ...                                              
                                                  
l.89    { font = */*/*/*/* }
                            
Your command was ignored.
Type  I <command> <return>  to replace it with another command,
or  <return>  to continue without it.

/usr/local/texlive/2013basic/texmf-dist/tex/latex/microtype/microtype.cfg:89: U
ndefined control sequence.
\MT@get@size ... \def \MT@val {##2}}\@tempa \@nil 
                                                  \fi \MT@ifdimen \MT@val {\...
l.89    { font = */*/*/*/* }
                            
The control sequence at the end of the top line
of your error message was never \def'ed. If you have
misspelled it (e.g., `\hobx'), type `I' and the correct
spelling (e.g., `I\hbox'). Otherwise just continue,
and I'll forget about whatever was undefined.


Package microtype Warning: Could not parse font size `*'
(microtype)                in font set `normalfont' on input line 89.


Package microtype Warning: family axis is empty in font specification
(microtype)                `tr////'. Using `lmr' instead on input line 89.


Package microtype Warning: series axis is empty in font specification
(microtype)                `tr////'. Using `m' instead on input line 89.


Package microtype Warning: shape axis is empty in font specification
(microtype)                `tr////'. Using `n' instead on input line 89.


Package microtype Warning: size axis is empty in font specification
(microtype)                `tr////'. Using `\normalsize' instead on input line 
89.


/usr/local/texlive/2013basic/texmf-dist/tex/latex/microtype/microtype.cfg:89: L
aTeX Error: The font size command \normalsize is not defined:
               there is probably something wrong with the class file.

See the LaTeX manual or LaTeX Companion for explanation.
Type  H <return>  for immediate help.
 ...                                              
                                                  
l.89    { font = */*/*/*/* }
                            
Your command was ignored.
Type  I <command> <return>  to replace it with another command,
or  <return>  to continue without it.

/usr/local/texlive/2013basic/texmf-dist/tex/latex/microtype/microtype.cfg:89: U
ndefined control sequence.
\MT@get@size ... \def \MT@val {##2}}\@tempa \@nil 
                                                  \fi \MT@ifdimen \MT@val {\...
l.89    { font = */*/*/*/* }
                            
The control sequence at the end of the top line
of your error message was never \def'ed. If you have
misspelled it (e.g., `\hobx'), type `I' and the correct
spelling (e.g., `I\hbox'). Otherwise just continue,
and I'll forget about whatever was undefined.


Package microtype Warning: Could not parse font size `*'
(microtype)                in font set `normalfont' on input line 89.


/usr/local/texlive/2013basic/texmf-dist/tex/latex/microtype/microtype.cfg:95: P
ackage microtype Error: The expansion set `basictext' is not declared.
(microtype)                Cannot make it the default set. Using set
(microtype)                `all' instead.

See the microtype package documentation for explanation.
Type  H <return>  for immediate help.
 ...                                              
                                                  
l.95 ...MicrotypeSetDefault[expansion] {basictext}
                                                  
This error message was generated by an \errmessage
command, so I can't give any explicit help.
Pretend that you're Hercule Poirot: Examine all clues,
and deduce the truth by order and method.


/usr/local/texlive/2013basic/texmf-dist/tex/latex/microtype/microtype.cfg:96: P
ackage microtype Error: The spacing set `basictext' is not declared.
(microtype)                Cannot make it the default set. Using set
(microtype)                `all' instead.

See the microtype package documentation for explanation.
Type  H <return>  for immediate help.
 ...                                              
                                                  
l.96 ...MicrotypeSetDefault[spacing]   {basictext}
                                                  
(That was another \errmessage.)

)
/usr/local/texlive/2013basic/texmf-dist/tex/latex/microtype/microtype.sty:2147:
 Missing \endcsname inserted.
<to be read again> 
                   \@classoptionslist 
l.2147 \MT@ProcessOptionsWithKV{MT}
                                   
The control sequence marked <to be read again> should
not appear between \csname and \endcsname.

)
./common.sty:17: Missing $ inserted.
<inserted text> 
                $
l.17 
     
I've inserted a begin-math/end-math symbol since I think
you left one out. Proceed, with fingers crossed.

./common.sty:17: Missing \endgroup inserted.
<inserted text> 
                \endgroup 
l.17 
     
I've inserted something that you may have forgotten.
(See the <inserted text> above.)
With luck, this will get me unwedged. But if you
really didn't forget anything, try typing `2' now; then
my insertion and my current dilemma will both disappear.

./common.sty:17: Missing \endgroup inserted.
<inserted text> 
                \endgroup 
l.17 
     
I've inserted something that you may have forgotten.
(See the <inserted text> above.)
With luck, this will get me unwedged. But if you
really didn't forget anything, try typing `2' now; then
my insertion and my current dilemma will both disappear.

./common.sty:17: Missing \endgroup inserted.
<inserted text> 
                \endgroup 
l.17 
     
I've inserted something that you may have forgotten.
(See the <inserted text> above.)
With luck, this will get me unwedged. But if you
really didn't forget anything, try typing `2' now; then
my insertion and my current dilemma will both disappear.

./common.sty:17: Missing \endgroup inserted.
<inserted text> 
                \endgroup 
l.17 
     
I've inserted something that you may have forgotten.
(See the <inserted text> above.)
With luck, this will get me unwedged. But if you
really didn't forget anything, try typing `2' now; then
my insertion and my current dilemma will both disappear.

./common.sty:17: Missing } inserted.
<inserted text> 
                }
l.17 
     
I've inserted something that you may have forgotten.
(See the <inserted text> above.)
With luck, this will get me unwedged. But if you
really didn't forget anything, try typing `2' now; then
my insertion and my current dilemma will both disappear.

./common.sty:17: Missing } inserted.
<inserted text> 
                }
l.17 
     
I've inserted something that you may have forgotten.
(See the <inserted text> above.)
With luck, this will get me unwedged. But if you
really didn't forget anything, try typing `2' now; then
my insertion and my current dilemma will both disappear.

./common.sty:17: Missing \endgroup inserted.
<inserted text> 
                \endgroup 
l.17 
     
I've inserted something that you may have forgotten.
(See the <inserted text> above.)
With luck, this will get me unwedged. But if you
really didn't forget anything, try typing `2' now; then
my insertion and my current dilemma will both disappear.

./common.sty:17: Missing \endgroup inserted.
<inserted text> 
                \endgroup 
l.17 
     
I've inserted something that you may have forgotten.
(See the <inserted text> above.)
With luck, this will get me unwedged. But if you
really didn't forget anything, try typing `2' now; then
my insertion and my current dilemma will both disappear.

./common.sty:17: Missing } inserted.
<inserted text> 
                }
l.17 
     
I've inserted something that you may have forgotten.
(See the <inserted text> above.)
With luck, this will get me unwedged. But if you
really didn't forget anything, try typing `2' now; then
my insertion and my current dilemma will both disappear.

./common.sty:17: Missing } inserted.
<inserted text> 
                }
l.17 
     
I've inserted something that you may have forgotten.
(See the <inserted text> above.)
With luck, this will get me unwedged. But if you
really didn't forget anything, try typing `2' now; then
my insertion and my current dilemma will both disappear.


Overfull \hbox (1.0pt too wide) in paragraph at lines 64--17
[]$[]$ 
 []

(/usr/local/texlive/2013basic/texmf-dist/tex/latex/graphics/graphicx.sty
Package: graphicx 1999/02/16v1.0fEnhancedLaTeXGraphics(DPC,SPQR)

(/usr/local/texlive/2013basic/texmf-dist/tex/latex/graphics/graphics.sty
Package: graphics 2009/02/05v1.0oStandardLaTeXGraphics(DPC,SPQR)

(/usr/local/texlive/2013basic/texmf-dist/tex/latex/graphics/trig.sty
Package: trig 1999/03/16v1.09sincostan(DPC)
)
(/usr/local/texlive/2013basic/texmf-dist/tex/latex/latexconfig/graphics.cfg
File: graphics.cfg 2010/04/23 v1.9 graphics configuration of TeX Live
)
Package graphics Info: Driverfile:pdftex.def on input line 91.

(/usr/local/texlive/2013basic/texmf-dist/tex/latex/pdftex-def/pdftex.def
File: pdftex.def 2011/05/27 v0.06d Graphics/color for pdfTeX

/usr/local/texlive/2013basic/texmf-dist/tex/latex/pdftex-def/pdftex.def:270: Ba
d character code (356).
<to be read again> 
                   \catcode 
l.270 \catcode
              64 11 % @
A character number must be between 0 and 255.
I changed this one to zero.

/usr/local/texlive/2013basic/texmf-dist/tex/latex/pdftex-def/pdftex.def:271: Ba
d character code (6411).
<to be read again> 
                   \def 
l.271 \def
          \GPT@catcodes#1{%
A character number must be between 0 and 255.
I changed this one to zero.

/usr/local/texlive/2013basic/texmf-dist/tex/latex/pdftex-def/pdftex.def:355: Ba
d character code (910).
<to be read again> 
                   \catcode 
l.355 \GPT@catcodes{}
                     
A character number must be between 0 and 255.
I changed this one to zero.

/usr/local/texlive/2013basic/texmf-dist/tex/latex/pdftex-def/pdftex.def:355: Ba
d character code (6411).
<to be read again> 
                   \catcode 
l.355 \GPT@catcodes{}
                     
A character number must be between 0 and 255.
I changed this one to zero.

/usr/local/texlive/2013basic/texmf-dist/tex/latex/pdftex-def/pdftex.def:355: Ba
d character code (6112).
<to be read again> 
                   \catcode 
l.355 \GPT@catcodes{}
                     
A character number must be between 0 and 255.
I changed this one to zero.

/usr/local/texlive/2013basic/texmf-dist/tex/latex/pdftex-def/pdftex.def:355: Ba
d character code (3210).
<to be read again> 
                   \catcode 
l.355 \GPT@catcodes{}
                     
A character number must be between 0 and 255.
I changed this one to zero.

/usr/local/texlive/2013basic/texmf-dist/tex/latex/pdftex-def/pdftex.def:355: Ba
d character code (3312).
<to be read again> 
                   \catcode 
l.355 \GPT@catcodes{}
                     
A character number must be between 0 and 255.
I changed this one to zero.

/usr/local/texlive/2013basic/texmf-dist/tex/latex/pdftex-def/pdftex.def:355: Ba
d character code (3412).
<to be read again> 
                   \catcode 
l.355 \GPT@catcodes{}
                     
A character number must be between 0 and 255.
I changed this one to zero.

/usr/local/texlive/2013basic/texmf-dist/tex/latex/pdftex-def/pdftex.def:355: Ba
d character code (356).
<to be read again> 
                   \catcode 
l.355 \GPT@catcodes{}
                     
A character number must be between 0 and 255.
I changed this one to zero.

/usr/local/texlive/2013basic/texmf-dist/tex/latex/pdftex-def/pdftex.def:355: Ba
d character code (363).
<to be read again> 
                   \catcode 
l.355 \GPT@catcodes{}
                     
A character number must be between 0 and 255.
I changed this one to zero.

/usr/local/texlive/2013basic/texmf-dist/tex/latex/pdftex-def/pdftex.def:355: Ba
d character code (3714).
<to be read again> 
                   \catcode 
l.355 \GPT@catcodes{}
                     
A character number must be between 0 and 255.
I changed this one to zero.

/usr/local/texlive/2013basic/texmf-dist/tex/latex/pdftex-def/pdftex.def:355: Ba
d character code (384).
<to be read again> 
                   \catcode 
l.355 \GPT@catcodes{}
                     
A character number must be between 0 and 255.
I changed this one to zero.

/usr/local/texlive/2013basic/texmf-dist/tex/latex/pdftex-def/pdftex.def:355: Ba
d character code (3912).
<to be read again> 
                   \catcode 
l.355 \GPT@catcodes{}
                     
A character number must be between 0 and 255.
I changed this one to zero.

/usr/local/texlive/2013basic/texmf-dist/tex/latex/pdftex-def/pdftex.def:355: Ba
d character code (4012).
<to be read again> 
                   \catcode 
l.355 \GPT@catcodes{}
                     
A character number must be between 0 and 255.
I changed this one to zero.

/usr/local/texlive/2013basic/texmf-dist/tex/latex/pdftex-def/pdftex.def:355: Ba
d character code (4112).
<to be read again> 
                   \catcode 
l.355 \GPT@catcodes{}
                     
A character number must be between 0 and 255.
I changed this one to zero.

/usr/local/texlive/2013basic/texmf-dist/tex/latex/pdftex-def/pdftex.def:355: Ba
d character code (4212).
<to be read again> 
                   \catcode 
l.355 \GPT@catcodes{}
                     
A character number must be between 0 and 255.
I changed this one to zero.

/usr/local/texlive/2013basic/texmf-dist/tex/latex/pdftex-def/pdftex.def:355: Ba
d character code (4312).
<to be read again> 
                   \catcode 
l.355 \GPT@catcodes{}
                     
A character number must be between 0 and 255.
I changed this one to zero.

/usr/local/texlive/2013basic/texmf-dist/tex/latex/pdftex-def/pdftex.def:355: Ba
d character code (4412).
<to be read again> 
                   \catcode 
l.355 \GPT@catcodes{}
                     
A character number must be between 0 and 255.
I changed this one to zero.

/usr/local/texlive/2013basic/texmf-dist/tex/latex/pdftex-def/pdftex.def:355: Ba
d character code (4512).
<to be read again> 
                   \catcode 
l.355 \GPT@catcodes{}
                     
A character number must be between 0 and 255.
I changed this one to zero.

/usr/local/texlive/2013basic/texmf-dist/tex/latex/pdftex-def/pdftex.def:355: Ba
d character code (4612).
<to be read again> 
                   \catcode 
l.355 \GPT@catcodes{}
                     
A character number must be between 0 and 255.
I changed this one to zero.

/usr/local/texlive/2013basic/texmf-dist/tex/latex/pdftex-def/pdftex.def:355: Ba
d character code (4712).
<to be read again> 
                   \catcode 
l.355 \GPT@catcodes{}
                     
A character number must be between 0 and 255.
I changed this one to zero.

/usr/local/texlive/2013basic/texmf-dist/tex/latex/pdftex-def/pdftex.def:355: Ba
d character code (5812).
<to be read again> 
                   \catcode 
l.355 \GPT@catcodes{}
                     
A character number must be between 0 and 255.
I changed this one to zero.

/usr/local/texlive/2013basic/texmf-dist/tex/latex/pdftex-def/pdftex.def:355: Ba
d character code (5912).
<to be read again> 
                   \catcode 
l.355 \GPT@catcodes{}
                     
A character number must be between 0 and 255.
I changed this one to zero.

/usr/local/texlive/2013basic/texmf-dist/tex/latex/pdftex-def/pdftex.def:355: Ba
d character code (6012).
<to be read again> 
                   \catcode 
l.355 \GPT@catcodes{}
                     
A character number must be between 0 and 255.
I changed this one to zero.

/usr/local/texlive/2013basic/texmf-dist/tex/latex/pdftex-def/pdftex.def:355: Ba
d character code (6112).
<to be read again> 
                   \catcode 
l.355 \GPT@catcodes{}
                     
A character number must be between 0 and 255.
I changed this one to zero.

/usr/local/texlive/2013basic/texmf-dist/tex/latex/pdftex-def/pdftex.def:355: Ba
d character code (6212).
<to be read again> 
                   \catcode 
l.355 \GPT@catcodes{}
                     
A character number must be between 0 and 255.
I changed this one to zero.

/usr/local/texlive/2013basic/texmf-dist/tex/latex/pdftex-def/pdftex.def:355: Ba
d character code (6312).
<to be read again> 
                   \catcode 
l.355 \GPT@catcodes{}
                     
A character number must be between 0 and 255.
I changed this one to zero.

/usr/local/texlive/2013basic/texmf-dist/tex/latex/pdftex-def/pdftex.def:355: Ba
d character code (6411).
<to be read again> 
                   \catcode 
l.355 \GPT@catcodes{}
                     
A character number must be between 0 and 255.
I changed this one to zero.

/usr/local/texlive/2013basic/texmf-dist/tex/latex/pdftex-def/pdftex.def:355: Ba
d character code (9112).
<to be read again> 
                   \catcode 
l.355 \GPT@catcodes{}
                     
A character number must be between 0 and 255.
I changed this one to zero.

/usr/local/texlive/2013basic/texmf-dist/tex/latex/pdftex-def/pdftex.def:355: Ba
d character code (920).
<to be read again> 
                   \catcode 
l.355 \GPT@catcodes{}
                     
A character number must be between 0 and 255.
I changed this one to zero.

/usr/local/texlive/2013basic/texmf-dist/tex/latex/pdftex-def/pdftex.def:355: Ba
d character code (9312).
<to be read again> 
                   \catcode 
l.355 \GPT@catcodes{}
                     
A character number must be between 0 and 255.
I changed this one to zero.

/usr/local/texlive/2013basic/texmf-dist/tex/latex/pdftex-def/pdftex.def:355: Ba
d character code (947).
<to be read again> 
                   \catcode 
l.355 \GPT@catcodes{}
                     
A character number must be between 0 and 255.
I changed this one to zero.

/usr/local/texlive/2013basic/texmf-dist/tex/latex/pdftex-def/pdftex.def:355: Ba
d character code (958).
<to be read again> 
                   \catcode 
l.355 \GPT@catcodes{}
                     
A character number must be between 0 and 255.
I changed this one to zero.

/usr/local/texlive/2013basic/texmf-dist/tex/latex/pdftex-def/pdftex.def:355: Ba
d character code (9612).
<to be read again> 
                   \catcode 
l.355 \GPT@catcodes{}
                     
A character number must be between 0 and 255.
I changed this one to zero.

/usr/local/texlive/2013basic/texmf-dist/tex/latex/pdftex-def/pdftex.def:355: Ba
d character code (1231).
<to be read again> 
                   \catcode 
l.355 \GPT@catcodes{}
                     
A character number must be between 0 and 255.
I changed this one to zero.

/usr/local/texlive/2013basic/texmf-dist/tex/latex/pdftex-def/pdftex.def:355: Ba
d character code (12412).
<to be read again> 
                   \catcode 
l.355 \GPT@catcodes{}
                     
A character number must be between 0 and 255.
I changed this one to zero.

/usr/local/texlive/2013basic/texmf-dist/tex/latex/pdftex-def/pdftex.def:355: Ba
d character code (1252).
<to be read again> 
                   \catcode 
l.355 \GPT@catcodes{}
                     
A character number must be between 0 and 255.
I changed this one to zero.

/usr/local/texlive/2013basic/texmf-dist/tex/latex/pdftex-def/pdftex.def:355: Ba
d character code (12613).
<to be read again> 
                   \let 
l.355 \GPT@catcodes{}
                     
A character number must be between 0 and 255.
I changed this one to zero.

/usr/local/texlive/2013basic/texmf-dist/tex/latex/pdftex-def/pdftex.def:355: Mi
ssing number, treated as zero.
<to be read again> 
                   \let 
l.355 \GPT@catcodes{}
                     
A number should have been here; I inserted `0'.
(If you can't figure out why I needed to see a number,
look up `weird error' in the index to The TeXbook.)

/usr/local/texlive/2013basic/texmf-dist/tex/latex/pdftex-def/pdftex.def:369: Mi
ssing = inserted for \ifnum.
<to be read again> 
                   4
l.369       \ifnum\expandafter`\pdftexrevision
                                              <`n %
I was expecting to see `<', `=', or `>'. Didn't.

(/usr/local/texlive/2013basic/texmf-dist/tex/generic/oberdiek/infwarerr.sty
Package: infwarerr 2010/04/08 v1.3 Providing info/warning/error messages (HO)
)
(/usr/local/texlive/2013basic/texmf-dist/tex/generic/oberdiek/ltxcmds.sty
Package: ltxcmds 2011/11/09 v1.22 LaTeX kernel commands for general use (HO)
)
\Gread@gobject=\count87


/usr/local/texlive/2013basic/texmf-dist/tex/latex/pdftex-def/pdftex.def:1783: L
aTeX Error: Missing \begin{document}.

See the LaTeX manual or LaTeX Companion for explanation.
Type  H <return>  for immediate help.
 ...                                              
                                                  
l.1783 ...@ifpackageloaded{trig}{\GPT@PatchTrig}{}
                                                  
You're in trouble here.  Try typing  <return>  to proceed.
If that doesn't work, type  X <return>  to quit.

/usr/local/texlive/2013basic/texmf-dist/tex/latex/pdftex-def/pdftex.def:1897: B
ad character code (329).
<to be read again> 
                   \catcode 
l.1897 \GPT@AtEnd
                 
A character number must be between 0 and 255.
I changed this one to zero.

/usr/local/texlive/2013basic/texmf-dist/tex/latex/pdftex-def/pdftex.def:1897: B
ad character code (3312).
<to be read again> 
                   \catcode 
l.1897 \GPT@AtEnd
                 
A character number must be between 0 and 255.
I changed this one to zero.

/usr/local/texlive/2013basic/texmf-dist/tex/latex/pdftex-def/pdftex.def:1897: B
ad character code (3412).
<to be read again> 
                   \catcode 
l.1897 \GPT@AtEnd
                 
A character number must be between 0 and 255.
I changed this one to zero.

/usr/local/texlive/2013basic/texmf-dist/tex/latex/pdftex-def/pdftex.def:1897: B
ad character code (356).
<to be read again> 
                   \catcode 
l.1897 \GPT@AtEnd
                 
A character number must be between 0 and 255.
I changed this one to zero.

/usr/local/texlive/2013basic/texmf-dist/tex/latex/pdftex-def/pdftex.def:1897: B
ad character code (3612).
<to be read again> 
                   \catcode 
l.1897 \GPT@AtEnd
                 
A character number must be between 0 and 255.
I changed this one to zero.

/usr/local/texlive/2013basic/texmf-dist/tex/latex/pdftex-def/pdftex.def:1897: B
ad character code (3714).
<to be read again> 
                   \catcode 
l.1897 \GPT@AtEnd
                 
A character number must be between 0 and 255.
I changed this one to zero.

/usr/local/texlive/2013basic/texmf-dist/tex/latex/pdftex-def/pdftex.def:1897: B
ad character code (3812).
<to be read again> 
                   \catcode 
l.1897 \GPT@AtEnd
                 
A character number must be between 0 and 255.
I changed this one to zero.

/usr/local/texlive/2013basic/texmf-dist/tex/latex/pdftex-def/pdftex.def:1897: B
ad character code (3912).
<to be read again> 
                   \catcode 
l.1897 \GPT@AtEnd
                 
A character number must be between 0 and 255.
I changed this one to zero.

/usr/local/texlive/2013basic/texmf-dist/tex/latex/pdftex-def/pdftex.def:1897: B
ad character code (4012).
<to be read again> 
                   \catcode 
l.1897 \GPT@AtEnd
                 
A character number must be between 0 and 255.
I changed this one to zero.

/usr/local/texlive/2013basic/texmf-dist/tex/latex/pdftex-def/pdftex.def:1897: B
ad character code (4112).
<to be read again> 
                   \catcode 
l.1897 \GPT@AtEnd
                 
A character number must be between 0 and 255.
I changed this one to zero.

/usr/local/texlive/2013basic/texmf-dist/tex/latex/pdftex-def/pdftex.def:1897: B
ad character code (4211).
<to be read again> 
                   \catcode 
l.1897 \GPT@AtEnd
                 
A character number must be between 0 and 255.
I changed this one to zero.

/usr/local/texlive/2013basic/texmf-dist/tex/latex/pdftex-def/pdftex.def:1897: B
ad character code (4312).
<to be read again> 
                   \catcode 
l.1897 \GPT@AtEnd
                 
A character number must be between 0 and 255.
I changed this one to zero.

/usr/local/texlive/2013basic/texmf-dist/tex/latex/pdftex-def/pdftex.def:1897: B
ad character code (4412).
<to be read again> 
                   \catcode 
l.1897 \GPT@AtEnd
                 
A character number must be between 0 and 255.
I changed this one to zero.

/usr/local/texlive/2013basic/texmf-dist/tex/latex/pdftex-def/pdftex.def:1897: B
ad character code (4512).
<to be read again> 
                   \catcode 
l.1897 \GPT@AtEnd
                 
A character number must be between 0 and 255.
I changed this one to zero.

/usr/local/texlive/2013basic/texmf-dist/tex/latex/pdftex-def/pdftex.def:1897: B
ad character code (4612).
<to be read again> 
                   \catcode 
l.1897 \GPT@AtEnd
                 
A character number must be between 0 and 255.
I changed this one to zero.

/usr/local/texlive/2013basic/texmf-dist/tex/latex/pdftex-def/pdftex.def:1897: B
ad character code (4712).
<to be read again> 
                   \catcode 
l.1897 \GPT@AtEnd
                 
A character number must be between 0 and 255.
I changed this one to zero.

/usr/local/texlive/2013basic/texmf-dist/tex/latex/pdftex-def/pdftex.def:1897: B
ad character code (5812).
<to be read again> 
                   \catcode 
l.1897 \GPT@AtEnd
                 
A character number must be between 0 and 255.
I changed this one to zero.

/usr/local/texlive/2013basic/texmf-dist/tex/latex/pdftex-def/pdftex.def:1897: B
ad character code (5912).
<to be read again> 
                   \catcode 
l.1897 \GPT@AtEnd
                 
A character number must be between 0 and 255.
I changed this one to zero.

/usr/local/texlive/2013basic/texmf-dist/tex/latex/pdftex-def/pdftex.def:1897: B
ad character code (6012).
<to be read again> 
                   \catcode 
l.1897 \GPT@AtEnd
                 
A character number must be between 0 and 255.
I changed this one to zero.

/usr/local/texlive/2013basic/texmf-dist/tex/latex/pdftex-def/pdftex.def:1897: B
ad character code (6112).
<to be read again> 
                   \catcode 
l.1897 \GPT@AtEnd
                 
A character number must be between 0 and 255.
I changed this one to zero.

/usr/local/texlive/2013basic/texmf-dist/tex/latex/pdftex-def/pdftex.def:1897: B
ad character code (6212).
<to be read again> 
                   \catcode 
l.1897 \GPT@AtEnd
                 
A character number must be between 0 and 255.
I changed this one to zero.

/usr/local/texlive/2013basic/texmf-dist/tex/latex/pdftex-def/pdftex.def:1897: B
ad character code (6312).
<to be read again> 
                   \catcode 
l.1897 \GPT@AtEnd
                 
A character number must be between 0 and 255.
I changed this one to zero.

/usr/local/texlive/2013basic/texmf-dist/tex/latex/pdftex-def/pdftex.def:1897: B
ad character code (6411).
<to be read again> 
                   \catcode 
l.1897 \GPT@AtEnd
                 
A character number must be between 0 and 255.
I changed this one to zero.

/usr/local/texlive/2013basic/texmf-dist/tex/latex/pdftex-def/pdftex.def:1897: B
ad character code (9112).
<to be read again> 
                   \catcode 
l.1897 \GPT@AtEnd
                 
A character number must be between 0 and 255.
I changed this one to zero.

/usr/local/texlive/2013basic/texmf-dist/tex/latex/pdftex-def/pdftex.def:1897: B
ad character code (920).
<to be read again> 
                   \catcode 
l.1897 \GPT@AtEnd
                 
A character number must be between 0 and 255.
I changed this one to zero.

/usr/local/texlive/2013basic/texmf-dist/tex/latex/pdftex-def/pdftex.def:1897: B
ad character code (9312).
<to be read again> 
                   \catcode 
l.1897 \GPT@AtEnd
                 
A character number must be between 0 and 255.
I changed this one to zero.

/usr/local/texlive/2013basic/texmf-dist/tex/latex/pdftex-def/pdftex.def:1897: B
ad character code (947).
<to be read again> 
                   \catcode 
l.1897 \GPT@AtEnd
                 
A character number must be between 0 and 255.
I changed this one to zero.

/usr/local/texlive/2013basic/texmf-dist/tex/latex/pdftex-def/pdftex.def:1897: B
ad character code (9512).
<to be read again> 
                   \catcode 
l.1897 \GPT@AtEnd
                 
A character number must be between 0 and 255.
I changed this one to zero.

/usr/local/texlive/2013basic/texmf-dist/tex/latex/pdftex-def/pdftex.def:1897: B
ad character code (9612).
<to be read again> 
                   \catcode 
l.1897 \GPT@AtEnd
                 
A character number must be between 0 and 255.
I changed this one to zero.

/usr/local/texlive/2013basic/texmf-dist/tex/latex/pdftex-def/pdftex.def:1897: B
ad character code (1231).
<to be read again> 
                   \catcode 
l.1897 \GPT@AtEnd
                 
A character number must be between 0 and 255.
I changed this one to zero.

/usr/local/texlive/2013basic/texmf-dist/tex/latex/pdftex-def/pdftex.def:1897: B
ad character code (12412).
<to be read again> 
                   \catcode 
l.1897 \GPT@AtEnd
                 
A character number must be between 0 and 255.
I changed this one to zero.

/usr/local/texlive/2013basic/texmf-dist/tex/latex/pdftex-def/pdftex.def:1897: B
ad character code (1252).
<to be read again> 
                   \catcode 
l.1897 \GPT@AtEnd
                 
A character number must be between 0 and 255.
I changed this one to zero.

/usr/local/texlive/2013basic/texmf-dist/tex/latex/pdftex-def/pdftex.def:1897: B
ad character code (12612).
<to be read again> 
                   \catcode 
l.1897 \GPT@AtEnd
                 
A character number must be between 0 and 255.
I changed this one to zero.

/usr/local/texlive/2013basic/texmf-dist/tex/latex/pdftex-def/pdftex.def:1897: B
ad character code (356).
<to be read again> 
                   \relax 
l.1897 \GPT@AtEnd
                 
A character number must be between 0 and 255.
I changed this one to zero.

/usr/local/texlive/2013basic/texmf-dist/tex/latex/pdftex-def/pdftex.def:1897: B
ad character code (6411).
<to be read again> 
                   \relax 
l.1897 \GPT@AtEnd
                 
A character number must be between 0 and 255.
I changed this one to zero.

/usr/local/texlive/2013basic/texmf-dist/tex/latex/pdftex-def/pdftex.def:1897: M
issing number, treated as zero.
<to be read again> 
                   \relax 
l.1897 \GPT@AtEnd
                 
A number should have been here; I inserted `0'.
(If you can't figure out why I needed to see a number,
look up `weird error' in the index to The TeXbook.)

)
/usr/local/texlive/2013basic/texmf-dist/tex/latex/graphics/graphics.sty:100: Un
defined control sequence.
l.100 \newif\ifGin@c
                    lip
The control sequence at the end of the top line
of your error message was never \def'ed. If you have
misspelled it (e.g., `\hobx'), type `I' and the correct
spelling (e.g., `I\hbox'). Otherwise just continue,
and I'll forget about whatever was undefined.

/usr/local/texlive/2013basic/texmf-dist/tex/latex/graphics/graphics.sty:101: Un
defined control sequence.
l.101 \new
          command\DeclareGraphicsExtensions[1]{%
The control sequence at the end of the top line
of your error message was never \def'ed. If you have
misspelled it (e.g., `\hobx'), type `I' and the correct
spelling (e.g., `I\hbox'). Otherwise just continue,
and I'll forget about whatever was undefined.

/usr/local/texlive/2013basic/texmf-dist/tex/latex/graphics/graphics.sty:101: Un
defined control sequence.
l.101 \newc
           ommand\DeclareGraphicsExtensions[1]{%
The control sequence at the end of the top line
of your error message was never \def'ed. If you have
misspelled it (e.g., `\hobx'), type `I' and the correct
spelling (e.g., `I\hbox'). Otherwise just continue,
and I'll forget about whatever was undefined.

/usr/local/texlive/2013basic/texmf-dist/tex/latex/graphics/graphics.sty:101: Un
defined control sequence.
l.101 \newcommand\De
                    clareGraphicsExtensions[1]{%
The control sequence at the end of the top line
of your error message was never \def'ed. If you have
misspelled it (e.g., `\hobx'), type `I' and the correct
spelling (e.g., `I\hbox'). Otherwise just continue,
and I'll forget about whatever was undefined.

/usr/local/texlive/2013basic/texmf-dist/tex/latex/graphics/graphics.sty:101: Un
defined control sequence.
l.101 \newcommand\Dec
                     lareGraphicsExtensions[1]{%
The control sequence at the end of the top line
of your error message was never \def'ed. If you have
misspelled it (e.g., `\hobx'), type `I' and the correct
spelling (e.g., `I\hbox'). Otherwise just continue,
and I'll forget about whatever was undefined.

/usr/local/texlive/2013basic/texmf-dist/tex/latex/graphics/graphics.sty:101: Un
defined control sequence.
l.101 \newcommand\DeclareGraphic
                                sExtensions[1]{%
The control sequence at the end of the top line
of your error message was never \def'ed. If you have
misspelled it (e.g., `\hobx'), type `I' and the correct
spelling (e.g., `I\hbox'). Otherwise just continue,
and I'll forget about whatever was undefined.

/usr/local/texlive/2013basic/texmf-dist/tex/latex/graphics/graphics.sty:102: Un
defined control sequence.
l.102   \edef\Gin@extensions{\zap@spa
                                     ce#1 \@empty}}
The control sequence at the end of the top line
of your error message was never \def'ed. If you have
misspelled it (e.g., `\hobx'), type `I' and the correct
spelling (e.g., `I\hbox'). Otherwise just continue,
and I'll forget about whatever was undefined.

/usr/local/texlive/2013basic/texmf-dist/tex/latex/graphics/graphics.sty:102: Un
defined control sequence.
l.102   \edef\Gin@extensions{\zap@spac
                                      e#1 \@empty}}
The control sequence at the end of the top line
of your error message was never \def'ed. If you have
misspelled it (e.g., `\hobx'), type `I' and the correct
spelling (e.g., `I\hbox'). Otherwise just continue,
and I'll forget about whatever was undefined.

/usr/local/texlive/2013basic/texmf-dist/tex/latex/graphics/graphics.sty:102: Il
legal parameter number in definition of \Gin@extensions.
<to be read again> 
                   1
l.102   \edef\Gin@extensions{\zap@space#1
                                          \@empty}}
You meant to type ## instead of #, right?
Or maybe a } was forgotten somewhere earlier, and things
are all screwed up? I'm going to assume that you meant ##.

/usr/local/texlive/2013basic/texmf-dist/tex/latex/graphics/graphics.sty:103: Un
defined control sequence.
l.103 \provide
              command\Gin@extensions{}
The control sequence at the end of the top line
of your error message was never \def'ed. If you have
misspelled it (e.g., `\hobx'), type `I' and the correct
spelling (e.g., `I\hbox'). Otherwise just continue,
and I'll forget about whatever was undefined.

/usr/local/texlive/2013basic/texmf-dist/tex/latex/graphics/graphics.sty:103: Un
defined control sequence.
l.103 \providec
               ommand\Gin@extensions{}
The control sequence at the end of the top line
of your error message was never \def'ed. If you have
misspelled it (e.g., `\hobx'), type `I' and the correct
spelling (e.g., `I\hbox'). Otherwise just continue,
and I'll forget about whatever was undefined.

/usr/local/texlive/2013basic/texmf-dist/tex/latex/graphics/graphics.sty:479: Un
defined control sequence.
l.479 \Gin@
           codes
The control sequence at the end of the top line
of your error message was never \def'ed. If you have
misspelled it (e.g., `\hobx'), type `I' and the correct
spelling (e.g., `I\hbox'). Otherwise just continue,
and I'll forget about whatever was undefined.

/usr/local/texlive/2013basic/texmf-dist/tex/latex/graphics/graphics.sty:479: Un
defined control sequence.
l.479 \Gin@c
            odes
The control sequence at the end of the top line
of your error message was never \def'ed. If you have
misspelled it (e.g., `\hobx'), type `I' and the correct
spelling (e.g., `I\hbox'). Otherwise just continue,
and I'll forget about whatever was undefined.

)
/usr/local/texlive/2013basic/texmf-dist/tex/latex/graphics/graphicx.sty:90: Und
efined control sequence.
<argument> KV@Gin@keepaspec
                           tratio@default\expandafter 
l.90 \define@key{Gin}{keepaspectratio}[true]
                                            {%
The control sequence at the end of the top line
of your error message was never \def'ed. If you have
misspelled it (e.g., `\hobx'), type `I' and the correct
spelling (e.g., `I\hbox'). Otherwise just continue,
and I'll forget about whatever was undefined.

/usr/local/texlive/2013basic/texmf-dist/tex/latex/graphics/graphicx.sty:90: Und
efined control sequence.
<argument> keepaspec
                    tratio
l.90 \define@key{Gin}{keepaspectratio}[true]
                                            {%
The control sequence at the end of the top line
of your error message was never \def'ed. If you have
misspelled it (e.g., `\hobx'), type `I' and the correct
spelling (e.g., `I\hbox'). Otherwise just continue,
and I'll forget about whatever was undefined.

/usr/local/texlive/2013basic/texmf-dist/tex/latex/graphics/graphicx.sty:90: Und
efined control sequence.
<argument> KV@Gin@keepaspec
                           tratio
l.90 \define@key{Gin}{keepaspectratio}[true]
                                            {%
The control sequence at the end of the top line
of your error message was never \def'ed. If you have
misspelled it (e.g., `\hobx'), type `I' and the correct
spelling (e.g., `I\hbox'). Otherwise just continue,
and I'll forget about whatever was undefined.

/usr/local/texlive/2013basic/texmf-dist/tex/latex/graphics/graphicx.sty:92: Und
efined control sequence.
<argument> KV@Gin@sc
                    ale
l.92 \define@key{Gin}{scale}{
                             %
The control sequence at the end of the top line
of your error message was never \def'ed. If you have
misspelled it (e.g., `\hobx'), type `I' and the correct
spelling (e.g., `I\hbox'). Otherwise just continue,
and I'll forget about whatever was undefined.

/usr/local/texlive/2013basic/texmf-dist/tex/latex/graphics/graphicx.sty:105: Un
defined control sequence.
<argument> KV@Gin@c
                   lip@default\expandafter 
l.105 \define@key{Gin}{clip}[true]
                                  {%
The control sequence at the end of the top line
of your error message was never \def'ed. If you have
misspelled it (e.g., `\hobx'), type `I' and the correct
spelling (e.g., `I\hbox'). Otherwise just continue,
and I'll forget about whatever was undefined.

/usr/local/texlive/2013basic/texmf-dist/tex/latex/graphics/graphicx.sty:105: Un
defined control sequence.
<argument> c
            lip
l.105 \define@key{Gin}{clip}[true]
                                  {%
The control sequence at the end of the top line
of your error message was never \def'ed. If you have
misspelled it (e.g., `\hobx'), type `I' and the correct
spelling (e.g., `I\hbox'). Otherwise just continue,
and I'll forget about whatever was undefined.

/usr/local/texlive/2013basic/texmf-dist/tex/latex/graphics/graphicx.sty:105: Un
defined control sequence.
<argument> KV@Gin@c
                   lip
l.105 \define@key{Gin}{clip}[true]
                                  {%
The control sequence at the end of the top line
of your error message was never \def'ed. If you have
misspelled it (e.g., `\hobx'), type `I' and the correct
spelling (e.g., `I\hbox'). Otherwise just continue,
and I'll forget about whatever was undefined.

/usr/local/texlive/2013basic/texmf-dist/tex/latex/graphics/graphicx.sty:120: Un
defined control sequence.
<argument> KV@Gin@c
                   ommand
l.120 \define@key{Gin}{command}{
                                \def\Gin@ecom##1{#1}}
The control sequence at the end of the top line
of your error message was never \def'ed. If you have
misspelled it (e.g., `\hobx'), type `I' and the correct
spelling (e.g., `I\hbox'). Otherwise just continue,
and I'll forget about whatever was undefined.

\Gin@req@height=\dimen112
\Gin@req@width=\dimen113
/usr/local/texlive/2013basic/texmf-dist/tex/latex/graphics/graphicx.sty:179: Un
defined control sequence.
l.179 \let\Gin@ewidth\Gin@exc
                             lamation
The control sequence at the end of the top line
of your error message was never \def'ed. If you have
misspelled it (e.g., `\hobx'), type `I' and the correct
spelling (e.g., `I\hbox'). Otherwise just continue,
and I'll forget about whatever was undefined.

) (/usr/local/texlive/2013basic/texmf-dist/tex/latex/oberdiek/epstopdf.sty
/usr/local/texlive/2013basic/texmf-dist/tex/latex/oberdiek/epstopdf.sty:36: Und
efined control sequence.
l.36 \begingroup\catc
                     ode61\catcode48\catcode32=10\relax%
(That makes 100 errors; please try again.) 
Here is how much of TeX's memory you used:
 3452 strings out of 494536
 51779 string characters out of 6167447
 158966 words of memory out of 5000000
 6666 multiletter control sequences out of 15000+600000
 15413 words of font info for 25 fonts, out of 8000000 for 9000
 319 hyphenation exceptions out of 8191
 35i,6n,35p,266b,637s stack positions out of 5000i,500n,10000p,200000b,80000s

/usr/local/texlive/2013basic/texmf-dist/tex/latex/oberdiek/epstopdf.sty:36:  ==
> Fatal error occurred, no output PDF file produced!
