This is pdfTeX, Version 3.1415926-2.5-1.40.14 (TeX Live 2013) (format=pdflatex 2013.9.4)  30 OCT 2013 14:25
entering extended mode
 restricted \write18 enabled.
 file:line:error style messages enabled.
 %&-line parsing enabled.
**rapport.tex
(./rapport.tex
LaTeX2e <2011/06/27>
Babel <3.9f> and hyphenation patterns for 21 languages loaded.
(/usr/local/texlive/2013basic/texmf-dist/tex/latex/base/article.cls
Document Class: article 2007/10/19 v1.4h Standard LaTeX document class
(/usr/local/texlive/2013basic/texmf-dist/tex/latex/base/size12.clo
File: size12.clo 2007/10/19 v1.4h Standard LaTeX file (size option)
)
\c@part=\count79
\c@section=\count80
\c@subsection=\count81
\c@subsubsection=\count82
\c@paragraph=\count83
\c@subparagraph=\count84
\c@figure=\count85
\c@table=\count86
\abovecaptionskip=\skip41
\belowcaptionskip=\skip42
\bibindent=\dimen102
)
(./common.sty
Package: common 

(/usr/local/texlive/2013basic/texmf-dist/tex/generic/babel/babel.sty
Package: babel 2013/10/10 3.9g The Babel package

(/usr/local/texlive/2013basic/texmf-dist/tex/generic/babel/switch.def
File: switch.def 2013/10/10 3.9g Babel switching mechanism
)
(/usr/local/texlive/2013basic/texmf-dist/tex/generic/babel-swedish/swedish.ldf
Language: swedish 2005/03/31 v2.3d Swedish support from the babel system

(/usr/local/texlive/2013basic/texmf-dist/tex/generic/babel/babel.def
File: babel.def 2013/10/10 3.9g Babel common definitions
\babel@savecnt=\count87
\U@D=\dimen103
)
Package babel Info: Making " an active character on input line 90.
)
(/usr/local/texlive/2013basic/texmf-dist/tex/generic/babel-english/english.ldf
Language: english 2012/08/20 v3.3p English support from the babel system
\l@canadian = a dialect from \language\l@american 
\l@australian = a dialect from \language\l@british 
\l@newzealand = a dialect from \language\l@british 
)) (/usr/local/texlive/2013basic/texmf-dist/tex/latex/nag/nag.sty
Package: nag 2011/11/25 0.7 warning about old commands (ulmi)
\c@nag@c=\count88
\c@nag@sins=\count89
Package nag Info: Loaded nag-l2tabu.cfg  on input line 552.

(/usr/local/texlive/2013basic/texmf-dist/tex/latex/nag/nag-l2tabu.cfg
File: nag-l2tabu.cfg 2010/05/17 v2.11 l2tabu rules for nag.sty (ulmi)
)
Package nag Info: Loaded nag-orthodox.cfg  on input line 552.

(/usr/local/texlive/2013basic/texmf-dist/tex/latex/nag/nag-orthodox.cfg
File: nag-orthodox.cfg 2006/04/19 v1.8 strict rules for nag.sty (ulmi)
))
(/usr/local/texlive/2013basic/texmf-dist/tex/latex/lm/lmodern.sty
Package: lmodern 2009/10/30 v1.6 Latin Modern Fonts
LaTeX Font Info:    Overwriting symbol font `operators' in version `normal'
(Font)                  OT1/cmr/m/n --> OT1/lmr/m/n on input line 22.
LaTeX Font Info:    Overwriting symbol font `letters' in version `normal'
(Font)                  OML/cmm/m/it --> OML/lmm/m/it on input line 23.
LaTeX Font Info:    Overwriting symbol font `symbols' in version `normal'
(Font)                  OMS/cmsy/m/n --> OMS/lmsy/m/n on input line 24.
LaTeX Font Info:    Overwriting symbol font `largesymbols' in version `normal'
(Font)                  OMX/cmex/m/n --> OMX/lmex/m/n on input line 25.
LaTeX Font Info:    Overwriting symbol font `operators' in version `bold'
(Font)                  OT1/cmr/bx/n --> OT1/lmr/bx/n on input line 26.
LaTeX Font Info:    Overwriting symbol font `letters' in version `bold'
(Font)                  OML/cmm/b/it --> OML/lmm/b/it on input line 27.
LaTeX Font Info:    Overwriting symbol font `symbols' in version `bold'
(Font)                  OMS/cmsy/b/n --> OMS/lmsy/b/n on input line 28.
LaTeX Font Info:    Overwriting symbol font `largesymbols' in version `bold'
(Font)                  OMX/cmex/m/n --> OMX/lmex/m/n on input line 29.
LaTeX Font Info:    Overwriting math alphabet `\mathbf' in version `normal'
(Font)                  OT1/cmr/bx/n --> OT1/lmr/bx/n on input line 31.
LaTeX Font Info:    Overwriting math alphabet `\mathsf' in version `normal'
(Font)                  OT1/cmss/m/n --> OT1/lmss/m/n on input line 32.
LaTeX Font Info:    Overwriting math alphabet `\mathit' in version `normal'
(Font)                  OT1/cmr/m/it --> OT1/lmr/m/it on input line 33.
LaTeX Font Info:    Overwriting math alphabet `\mathtt' in version `normal'
(Font)                  OT1/cmtt/m/n --> OT1/lmtt/m/n on input line 34.
LaTeX Font Info:    Overwriting math alphabet `\mathbf' in version `bold'
(Font)                  OT1/cmr/bx/n --> OT1/lmr/bx/n on input line 35.
LaTeX Font Info:    Overwriting math alphabet `\mathsf' in version `bold'
(Font)                  OT1/cmss/bx/n --> OT1/lmss/bx/n on input line 36.
LaTeX Font Info:    Overwriting math alphabet `\mathit' in version `bold'
(Font)                  OT1/cmr/bx/it --> OT1/lmr/bx/it on input line 37.
LaTeX Font Info:    Overwriting math alphabet `\mathtt' in version `bold'
(Font)                  OT1/cmtt/m/n --> OT1/lmtt/m/n on input line 38.
)
(/usr/local/texlive/2013basic/texmf-dist/tex/latex/psnfss/courier.sty
Package: courier 2005/04/12 PSNFSS-v9.2a (WaS) 
)
(/usr/local/texlive/2013basic/texmf-dist/tex/latex/geometry/geometry.sty
Package: geometry 2010/09/12 v5.6 Page Geometry

(/usr/local/texlive/2013basic/texmf-dist/tex/latex/graphics/keyval.sty
Package: keyval 1999/03/16 v1.13 key=value parser (DPC)
\KV@toks@=\toks14
)
(/usr/local/texlive/2013basic/texmf-dist/tex/generic/oberdiek/ifpdf.sty
Package: ifpdf 2011/01/30 v2.3 Provides the ifpdf switch (HO)
Package ifpdf Info: pdfTeX in PDF mode is detected.
)
(/usr/local/texlive/2013basic/texmf-dist/tex/generic/oberdiek/ifvtex.sty
Package: ifvtex 2010/03/01 v1.5 Detect VTeX and its facilities (HO)
Package ifvtex Info: VTeX not detected.
)
(/usr/local/texlive/2013basic/texmf-dist/tex/generic/ifxetex/ifxetex.sty
Package: ifxetex 2010/09/12 v0.6 Provides ifxetex conditional
)
\Gm@cnth=\count90
\Gm@cntv=\count91
\c@Gm@tempcnt=\count92
\Gm@bindingoffset=\dimen104
\Gm@wd@mp=\dimen105
\Gm@odd@mp=\dimen106
\Gm@even@mp=\dimen107
\Gm@layoutwidth=\dimen108
\Gm@layoutheight=\dimen109
\Gm@layouthoffset=\dimen110
\Gm@layoutvoffset=\dimen111
\Gm@dimlist=\toks15
)
(/usr/local/texlive/2013basic/texmf-dist/tex/latex/base/inputenc.sty
Package: inputenc 2008/03/30 v1.1d Input encoding file
\inpenc@prehook=\toks16
\inpenc@posthook=\toks17

(/usr/local/texlive/2013basic/texmf-dist/tex/latex/base/utf8.def
File: utf8.def 2008/04/05 v1.1m UTF-8 support for inputenc
Now handling font encoding OML ...
... no UTF-8 mapping file for font encoding OML
Now handling font encoding T1 ...
... processing UTF-8 mapping file for font encoding T1

(/usr/local/texlive/2013basic/texmf-dist/tex/latex/base/t1enc.dfu
File: t1enc.dfu 2008/04/05 v1.1m UTF-8 support for inputenc
   defining Unicode char U+00A1 (decimal 161)
   defining Unicode char U+00A3 (decimal 163)
   defining Unicode char U+00AB (decimal 171)
   defining Unicode char U+00BB (decimal 187)
   defining Unicode char U+00BF (decimal 191)
   defining Unicode char U+00C0 (decimal 192)
   defining Unicode char U+00C1 (decimal 193)
   defining Unicode char U+00C2 (decimal 194)
   defining Unicode char U+00C3 (decimal 195)
   defining Unicode char U+00C4 (decimal 196)
   defining Unicode char U+00C5 (decimal 197)
   defining Unicode char U+00C6 (decimal 198)
   defining Unicode char U+00C7 (decimal 199)
   defining Unicode char U+00C8 (decimal 200)
   defining Unicode char U+00C9 (decimal 201)
   defining Unicode char U+00CA (decimal 202)
   defining Unicode char U+00CB (decimal 203)
   defining Unicode char U+00CC (decimal 204)
   defining Unicode char U+00CD (decimal 205)
   defining Unicode char U+00CE (decimal 206)
   defining Unicode char U+00CF (decimal 207)
   defining Unicode char U+00D0 (decimal 208)
   defining Unicode char U+00D1 (decimal 209)
   defining Unicode char U+00D2 (decimal 210)
   defining Unicode char U+00D3 (decimal 211)
   defining Unicode char U+00D4 (decimal 212)
   defining Unicode char U+00D5 (decimal 213)
   defining Unicode char U+00D6 (decimal 214)
   defining Unicode char U+00D8 (decimal 216)
   defining Unicode char U+00D9 (decimal 217)
   defining Unicode char U+00DA (decimal 218)
   defining Unicode char U+00DB (decimal 219)
   defining Unicode char U+00DC (decimal 220)
   defining Unicode char U+00DD (decimal 221)
   defining Unicode char U+00DE (decimal 222)
   defining Unicode char U+00DF (decimal 223)
   defining Unicode char U+00E0 (decimal 224)
   defining Unicode char U+00E1 (decimal 225)
   defining Unicode char U+00E2 (decimal 226)
   defining Unicode char U+00E3 (decimal 227)
   defining Unicode char U+00E4 (decimal 228)
   defining Unicode char U+00E5 (decimal 229)
   defining Unicode char U+00E6 (decimal 230)
   defining Unicode char U+00E7 (decimal 231)
   defining Unicode char U+00E8 (decimal 232)
   defining Unicode char U+00E9 (decimal 233)
   defining Unicode char U+00EA (decimal 234)
   defining Unicode char U+00EB (decimal 235)
   defining Unicode char U+00EC (decimal 236)
   defining Unicode char U+00ED (decimal 237)
   defining Unicode char U+00EE (decimal 238)
   defining Unicode char U+00EF (decimal 239)
   defining Unicode char U+00F0 (decimal 240)
   defining Unicode char U+00F1 (decimal 241)
   defining Unicode char U+00F2 (decimal 242)
   defining Unicode char U+00F3 (decimal 243)
   defining Unicode char U+00F4 (decimal 244)
   defining Unicode char U+00F5 (decimal 245)
   defining Unicode char U+00F6 (decimal 246)
   defining Unicode char U+00F8 (decimal 248)
   defining Unicode char U+00F9 (decimal 249)
   defining Unicode char U+00FA (decimal 250)
   defining Unicode char U+00FB (decimal 251)
   defining Unicode char U+00FC (decimal 252)
   defining Unicode char U+00FD (decimal 253)
   defining Unicode char U+00FE (decimal 254)
   defining Unicode char U+00FF (decimal 255)
   defining Unicode char U+0102 (decimal 258)
   defining Unicode char U+0103 (decimal 259)
   defining Unicode char U+0104 (decimal 260)
   defining Unicode char U+0105 (decimal 261)
   defining Unicode char U+0106 (decimal 262)
   defining Unicode char U+0107 (decimal 263)
   defining Unicode char U+010C (decimal 268)
   defining Unicode char U+010D (decimal 269)
   defining Unicode char U+010E (decimal 270)
   defining Unicode char U+010F (decimal 271)
   defining Unicode char U+0110 (decimal 272)
   defining Unicode char U+0111 (decimal 273)
   defining Unicode char U+0118 (decimal 280)
   defining Unicode char U+0119 (decimal 281)
   defining Unicode char U+011A (decimal 282)
   defining Unicode char U+011B (decimal 283)
   defining Unicode char U+011E (decimal 286)
   defining Unicode char U+011F (decimal 287)
   defining Unicode char U+0130 (decimal 304)
   defining Unicode char U+0131 (decimal 305)
   defining Unicode char U+0132 (decimal 306)
   defining Unicode char U+0133 (decimal 307)
   defining Unicode char U+0139 (decimal 313)
   defining Unicode char U+013A (decimal 314)
   defining Unicode char U+013D (decimal 317)
   defining Unicode char U+013E (decimal 318)
   defining Unicode char U+0141 (decimal 321)
   defining Unicode char U+0142 (decimal 322)
   defining Unicode char U+0143 (decimal 323)
   defining Unicode char U+0144 (decimal 324)
   defining Unicode char U+0147 (decimal 327)
   defining Unicode char U+0148 (decimal 328)
   defining Unicode char U+014A (decimal 330)
   defining Unicode char U+014B (decimal 331)
   defining Unicode char U+0150 (decimal 336)
   defining Unicode char U+0151 (decimal 337)
   defining Unicode char U+0152 (decimal 338)
   defining Unicode char U+0153 (decimal 339)
   defining Unicode char U+0154 (decimal 340)
   defining Unicode char U+0155 (decimal 341)
   defining Unicode char U+0158 (decimal 344)
   defining Unicode char U+0159 (decimal 345)
   defining Unicode char U+015A (decimal 346)
   defining Unicode char U+015B (decimal 347)
   defining Unicode char U+015E (decimal 350)
   defining Unicode char U+015F (decimal 351)
   defining Unicode char U+0160 (decimal 352)
   defining Unicode char U+0161 (decimal 353)
   defining Unicode char U+0162 (decimal 354)
   defining Unicode char U+0163 (decimal 355)
   defining Unicode char U+0164 (decimal 356)
   defining Unicode char U+0165 (decimal 357)
   defining Unicode char U+016E (decimal 366)
   defining Unicode char U+016F (decimal 367)
   defining Unicode char U+0170 (decimal 368)
   defining Unicode char U+0171 (decimal 369)
   defining Unicode char U+0178 (decimal 376)
   defining Unicode char U+0179 (decimal 377)
   defining Unicode char U+017A (decimal 378)
   defining Unicode char U+017B (decimal 379)
   defining Unicode char U+017C (decimal 380)
   defining Unicode char U+017D (decimal 381)
   defining Unicode char U+017E (decimal 382)
   defining Unicode char U+200C (decimal 8204)
   defining Unicode char U+2013 (decimal 8211)
   defining Unicode char U+2014 (decimal 8212)
   defining Unicode char U+2018 (decimal 8216)
   defining Unicode char U+2019 (decimal 8217)
   defining Unicode char U+201A (decimal 8218)
   defining Unicode char U+201C (decimal 8220)
   defining Unicode char U+201D (decimal 8221)
   defining Unicode char U+201E (decimal 8222)
   defining Unicode char U+2030 (decimal 8240)
   defining Unicode char U+2031 (decimal 8241)
   defining Unicode char U+2039 (decimal 8249)
   defining Unicode char U+203A (decimal 8250)
   defining Unicode char U+2423 (decimal 9251)
)
Now handling font encoding OT1 ...
... processing UTF-8 mapping file for font encoding OT1

(/usr/local/texlive/2013basic/texmf-dist/tex/latex/base/ot1enc.dfu
File: ot1enc.dfu 2008/04/05 v1.1m UTF-8 support for inputenc
   defining Unicode char U+00A1 (decimal 161)
   defining Unicode char U+00A3 (decimal 163)
   defining Unicode char U+00B8 (decimal 184)
   defining Unicode char U+00BF (decimal 191)
   defining Unicode char U+00C5 (decimal 197)
   defining Unicode char U+00C6 (decimal 198)
   defining Unicode char U+00D8 (decimal 216)
   defining Unicode char U+00DF (decimal 223)
   defining Unicode char U+00E6 (decimal 230)
   defining Unicode char U+00EC (decimal 236)
   defining Unicode char U+00ED (decimal 237)
   defining Unicode char U+00EE (decimal 238)
   defining Unicode char U+00EF (decimal 239)
   defining Unicode char U+00F8 (decimal 248)
   defining Unicode char U+0131 (decimal 305)
   defining Unicode char U+0141 (decimal 321)
   defining Unicode char U+0142 (decimal 322)
   defining Unicode char U+0152 (decimal 338)
   defining Unicode char U+0153 (decimal 339)
   defining Unicode char U+2013 (decimal 8211)
   defining Unicode char U+2014 (decimal 8212)
   defining Unicode char U+2018 (decimal 8216)
   defining Unicode char U+2019 (decimal 8217)
   defining Unicode char U+201C (decimal 8220)
   defining Unicode char U+201D (decimal 8221)
)
Now handling font encoding OMS ...
... processing UTF-8 mapping file for font encoding OMS

(/usr/local/texlive/2013basic/texmf-dist/tex/latex/base/omsenc.dfu
File: omsenc.dfu 2008/04/05 v1.1m UTF-8 support for inputenc
   defining Unicode char U+00A7 (decimal 167)
   defining Unicode char U+00B6 (decimal 182)
   defining Unicode char U+00B7 (decimal 183)
   defining Unicode char U+2020 (decimal 8224)
   defining Unicode char U+2021 (decimal 8225)
   defining Unicode char U+2022 (decimal 8226)
)
Now handling font encoding OMX ...
... no UTF-8 mapping file for font encoding OMX
Now handling font encoding U ...
... no UTF-8 mapping file for font encoding U
   defining Unicode char U+00A9 (decimal 169)
   defining Unicode char U+00AA (decimal 170)
   defining Unicode char U+00AE (decimal 174)
   defining Unicode char U+00BA (decimal 186)
   defining Unicode char U+02C6 (decimal 710)
   defining Unicode char U+02DC (decimal 732)
   defining Unicode char U+200C (decimal 8204)
   defining Unicode char U+2026 (decimal 8230)
   defining Unicode char U+2122 (decimal 8482)
   defining Unicode char U+2423 (decimal 9251)
))
(/usr/local/texlive/2013basic/texmf-dist/tex/latex/base/fontenc.sty
Package: fontenc 2005/09/27 v1.99g Standard LaTeX package

(/usr/local/texlive/2013basic/texmf-dist/tex/latex/base/t1enc.def
File: t1enc.def 2005/09/27 v1.99g Standard LaTeX file
LaTeX Font Info:    Redeclaring font encoding T1 on input line 43.
))
(/usr/local/texlive/2013basic/texmf-dist/tex/latex/parskip/parskip.sty
Package: parskip 2001/04/09 non-zero parskip adjustments
)
(/usr/local/texlive/2013basic/texmf-dist/tex/latex/hyphenat/hyphenat.sty
Package: hyphenat 2009/09/02 v2.3c hyphenation utilities
\langwohyphens=\language22
LaTeX Info: Redefining \_ on input line 43.
)
(/usr/local/texlive/2013basic/texmf-dist/tex/latex/microtype/microtype.sty
Package: microtype 2013/05/23 v2.5a Micro-typographical refinements (RS)
\MT@toks=\toks18
\MT@count=\count93
LaTeX Info: Redefining \textls on input line 766.
\MT@outer@kern=\dimen112
LaTeX Info: Redefining \textmicrotypecontext on input line 1285.
\MT@listname@count=\count94

(/usr/local/texlive/2013basic/texmf-dist/tex/latex/microtype/microtype-pdftex.d
ef
File: microtype-pdftex.def 2013/05/23 v2.5a Definitions specific to pdftex (RS)

LaTeX Info: Redefining \lsstyle on input line 915.
LaTeX Info: Redefining \lslig on input line 915.
\MT@outer@space=\skip43
)
Package microtype Info: Loading configuration file microtype.cfg.
 (/usr/local/texlive/2013basic/texmf-dist/tex/latex/microtype/microtype.cfg
File: microtype.cfg 2013/05/23 v2.5a microtype main configuration file (RS)
)) (/usr/local/texlive/2013basic/texmf-dist/tex/latex/graphics/graphicx.sty
Package: graphicx 1999/02/16 v1.0f Enhanced LaTeX Graphics (DPC,SPQR)

(/usr/local/texlive/2013basic/texmf-dist/tex/latex/graphics/graphics.sty
Package: graphics 2009/02/05 v1.0o Standard LaTeX Graphics (DPC,SPQR)

(/usr/local/texlive/2013basic/texmf-dist/tex/latex/graphics/trig.sty
Package: trig 1999/03/16 v1.09 sin cos tan (DPC)
)
(/usr/local/texlive/2013basic/texmf-dist/tex/latex/latexconfig/graphics.cfg
File: graphics.cfg 2010/04/23 v1.9 graphics configuration of TeX Live
)
Package graphics Info: Driver file: pdftex.def on input line 91.

(/usr/local/texlive/2013basic/texmf-dist/tex/latex/pdftex-def/pdftex.def
File: pdftex.def 2011/05/27 v0.06d Graphics/color for pdfTeX

(/usr/local/texlive/2013basic/texmf-dist/tex/generic/oberdiek/infwarerr.sty
Package: infwarerr 2010/04/08 v1.3 Providing info/warning/error messages (HO)
)
(/usr/local/texlive/2013basic/texmf-dist/tex/generic/oberdiek/ltxcmds.sty
Package: ltxcmds 2011/11/09 v1.22 LaTeX kernel commands for general use (HO)
)
\Gread@gobject=\count95
))
\Gin@req@height=\dimen113
\Gin@req@width=\dimen114
)
(/usr/local/texlive/2013basic/texmf-dist/tex/latex/oberdiek/epstopdf.sty
Package: epstopdf 2010/02/09 v2.5 Conversion with epstopdf on the fly (HO)

(/usr/local/texlive/2013basic/texmf-dist/tex/latex/oberdiek/epstopdf-base.sty
Package: epstopdf-base 2010/02/09 v2.5 Base part for package epstopdf

(/usr/local/texlive/2013basic/texmf-dist/tex/latex/oberdiek/grfext.sty
Package: grfext 2010/08/19 v1.1 Manage graphics extensions (HO)

(/usr/local/texlive/2013basic/texmf-dist/tex/generic/oberdiek/kvdefinekeys.sty
Package: kvdefinekeys 2011/04/07 v1.3 Define keys (HO)
)) (/usr/local/texlive/2013basic/texmf-dist/tex/latex/oberdiek/kvoptions.sty
Package: kvoptions 2011/06/30 v3.11 Key value format for package options (HO)

(/usr/local/texlive/2013basic/texmf-dist/tex/generic/oberdiek/kvsetkeys.sty
Package: kvsetkeys 2012/04/25 v1.16 Key value parser (HO)

(/usr/local/texlive/2013basic/texmf-dist/tex/generic/oberdiek/etexcmds.sty
Package: etexcmds 2011/02/16 v1.5 Avoid name clashes with e-TeX commands (HO)

(/usr/local/texlive/2013basic/texmf-dist/tex/generic/oberdiek/ifluatex.sty
Package: ifluatex 2010/03/01 v1.3 Provides the ifluatex switch (HO)
Package ifluatex Info: LuaTeX not detected.
)
Package etexcmds Info: Could not find \expanded.
(etexcmds)             That can mean that you are not using pdfTeX 1.50 or
(etexcmds)             that some package has redefined \expanded.
(etexcmds)             In the latter case, load this package earlier.
)))
(/usr/local/texlive/2013basic/texmf-dist/tex/generic/oberdiek/pdftexcmds.sty
Package: pdftexcmds 2011/11/29 v0.20 Utility functions of pdfTeX for LuaTeX (HO
)
Package pdftexcmds Info: LuaTeX not detected.
Package pdftexcmds Info: \pdf@primitive is available.
Package pdftexcmds Info: \pdf@ifprimitive is available.
Package pdftexcmds Info: \pdfdraftmode found.
)
Package grfext Info: Graphics extension search list:
(grfext)             [.png,.pdf,.jpg,.mps,.jpeg,.jbig2,.jb2,.PNG,.PDF,.JPG,.JPE
G,.JBIG2,.JB2,.eps]
(grfext)             \AppendGraphicsExtensions on input line 452.

(/usr/local/texlive/2013basic/texmf-dist/tex/latex/latexconfig/epstopdf-sys.cfg
File: epstopdf-sys.cfg 2010/07/13 v1.3 Configuration of (r)epstopdf for TeX Liv
e
))) (/usr/local/texlive/2013basic/texmf-dist/tex/latex/float/float.sty
Package: float 2001/11/08 v1.3d Float enhancements (AL)
\c@float@type=\count96
\float@exts=\toks19
\float@box=\box26
\@float@everytoks=\toks20
\@floatcapt=\box27
)
(/usr/local/texlive/2013basic/texmf-dist/tex/latex/amsmath/amsmath.sty
Package: amsmath 2013/01/14 v2.14 AMS math features
\@mathmargin=\skip44

For additional information on amsmath, use the `?' option.
(/usr/local/texlive/2013basic/texmf-dist/tex/latex/amsmath/amstext.sty
Package: amstext 2000/06/29 v2.01

(/usr/local/texlive/2013basic/texmf-dist/tex/latex/amsmath/amsgen.sty
File: amsgen.sty 1999/11/30 v2.0
\@emptytoks=\toks21
\ex@=\dimen115
))
(/usr/local/texlive/2013basic/texmf-dist/tex/latex/amsmath/amsbsy.sty
Package: amsbsy 1999/11/29 v1.2d
\pmbraise@=\dimen116
)
(/usr/local/texlive/2013basic/texmf-dist/tex/latex/amsmath/amsopn.sty
Package: amsopn 1999/12/14 v2.01 operator names
)
\inf@bad=\count97
LaTeX Info: Redefining \frac on input line 210.
\uproot@=\count98
\leftroot@=\count99
LaTeX Info: Redefining \overline on input line 306.
\classnum@=\count100
\DOTSCASE@=\count101
LaTeX Info: Redefining \ldots on input line 378.
LaTeX Info: Redefining \dots on input line 381.
LaTeX Info: Redefining \cdots on input line 466.
\Mathstrutbox@=\box28
\strutbox@=\box29
\big@size=\dimen117
LaTeX Font Info:    Redeclaring font encoding OML on input line 566.
LaTeX Font Info:    Redeclaring font encoding OMS on input line 567.
\macc@depth=\count102
\c@MaxMatrixCols=\count103
\dotsspace@=\muskip10
\c@parentequation=\count104
\dspbrk@lvl=\count105
\tag@help=\toks22
\row@=\count106
\column@=\count107
\maxfields@=\count108
\andhelp@=\toks23
\eqnshift@=\dimen118
\alignsep@=\dimen119
\tagshift@=\dimen120
\tagwidth@=\dimen121
\totwidth@=\dimen122
\lineht@=\dimen123
\@envbody=\toks24
\multlinegap=\skip45
\multlinetaggap=\skip46
\mathdisplay@stack=\toks25
LaTeX Info: Redefining \[ on input line 2665.
LaTeX Info: Redefining \] on input line 2666.
)
(/usr/local/texlive/2013basic/texmf-dist/tex/latex/amsfonts/amssymb.sty
Package: amssymb 2013/01/14 v3.01 AMS font symbols

(/usr/local/texlive/2013basic/texmf-dist/tex/latex/amsfonts/amsfonts.sty
Package: amsfonts 2013/01/14 v3.01 Basic AMSFonts support
\symAMSa=\mathgroup4
\symAMSb=\mathgroup5
LaTeX Font Info:    Overwriting math alphabet `\mathfrak' in version `bold'
(Font)                  U/euf/m/n --> U/euf/b/n on input line 106.
))
(/usr/local/texlive/2013basic/texmf-dist/tex/latex/amscls/amsthm.sty
Package: amsthm 2004/08/06 v2.20
\thm@style=\toks26
\thm@bodyfont=\toks27
\thm@headfont=\toks28
\thm@notefont=\toks29
\thm@headpunct=\toks30
\thm@preskip=\skip47
\thm@postskip=\skip48
\thm@headsep=\skip49
\dth@everypar=\toks31
)
(/usr/local/texlive/2013basic/texmf-dist/tex/latex/cancel/cancel.sty
Package: cancel 2000/03/12 v2.1 Cancel math terms
)
(/usr/local/texlive/2013basic/texmf-dist/tex/latex/siunitx/siunitx.sty
(/usr/local/texlive/2013basic/texmf-dist/tex/latex/l3kernel/expl3.sty
(/usr/local/texlive/2013basic/texmf-dist/tex/latex/l3kernel/l3names.sty
(/usr/local/texlive/2013basic/texmf-dist/tex/latex/l3kernel/l3bootstrap.sty
Package: l3bootstrap 2013/07/28 v4581 L3 Experimental bootstrap code
)
Package: l3names 2012/12/07 v4346 L3 Namespace for primitives
)
(/usr/local/texlive/2013basic/texmf-dist/tex/latex/etex-pkg/etex.sty
Package: etex 1998/03/26 v2.0 eTeX basic definition package (PEB)
\et@xins=\count109
)
Package: expl3 2013/10/13 v4597 L3 Experimental code bundle wrapper

(/usr/local/texlive/2013basic/texmf-dist/tex/latex/l3kernel/l3basics.sty
Package: l3basics 2013/07/28 v4581 L3 Basic definitions
)
(/usr/local/texlive/2013basic/texmf-dist/tex/latex/l3kernel/l3expan.sty
Package: l3expan 2013/08/17 v4584 L3 Argument expansion
)
(/usr/local/texlive/2013basic/texmf-dist/tex/latex/l3kernel/l3tl.sty
Package: l3tl 2013/09/16 v4592 L3 Token lists
)
(/usr/local/texlive/2013basic/texmf-dist/tex/latex/l3kernel/l3seq.sty
Package: l3seq 2013/07/28 v4581 L3 Sequences and stacks
)
(/usr/local/texlive/2013basic/texmf-dist/tex/latex/l3kernel/l3int.sty
Package: l3int 2013/08/02 v4583 L3 Integers
\c_max_int=\count110
\l_tmpa_int=\count111
\l_tmpb_int=\count112
\g_tmpa_int=\count113
\g_tmpb_int=\count114
)
(/usr/local/texlive/2013basic/texmf-dist/tex/latex/l3kernel/l3quark.sty
Package: l3quark 2013/07/21 v4564 L3 Quarks
)
(/usr/local/texlive/2013basic/texmf-dist/tex/latex/l3kernel/l3prg.sty
Package: l3prg 2013/08/25 v4587 L3 Control structures
\g__prg_map_int=\count115
)
(/usr/local/texlive/2013basic/texmf-dist/tex/latex/l3kernel/l3clist.sty
Package: l3clist 2013/07/28 v4581 L3 Comma separated lists
)
(/usr/local/texlive/2013basic/texmf-dist/tex/latex/l3kernel/l3token.sty
Package: l3token 2013/08/25 v4587 L3 Experimental token manipulation
)
(/usr/local/texlive/2013basic/texmf-dist/tex/latex/l3kernel/l3prop.sty
Package: l3prop 2013/07/28 v4581 L3 Property lists
)
(/usr/local/texlive/2013basic/texmf-dist/tex/latex/l3kernel/l3msg.sty
Package: l3msg 2013/07/28 v4581 L3 Messages
)
(/usr/local/texlive/2013basic/texmf-dist/tex/latex/l3kernel/l3file.sty
Package: l3file 2013/10/13 v4596 L3 File and I/O operations
\l_iow_line_count_int=\count116
\l__iow_target_count_int=\count117
\l__iow_current_line_int=\count118
\l__iow_current_word_int=\count119
\l__iow_current_indentation_int=\count120
)
(/usr/local/texlive/2013basic/texmf-dist/tex/latex/l3kernel/l3skip.sty
Package: l3skip 2013/07/28 v4581 L3 Dimensions and skips
\c_zero_dim=\dimen124
\c_max_dim=\dimen125
\l_tmpa_dim=\dimen126
\l_tmpb_dim=\dimen127
\g_tmpa_dim=\dimen128
\g_tmpb_dim=\dimen129
\c_zero_skip=\skip50
\c_max_skip=\skip51
\l_tmpa_skip=\skip52
\l_tmpb_skip=\skip53
\g_tmpa_skip=\skip54
\g_tmpb_skip=\skip55
\c_zero_muskip=\muskip11
\c_max_muskip=\muskip12
\l_tmpa_muskip=\muskip13
\l_tmpb_muskip=\muskip14
\g_tmpa_muskip=\muskip15
\g_tmpb_muskip=\muskip16
)
(/usr/local/texlive/2013basic/texmf-dist/tex/latex/l3kernel/l3keys.sty
Package: l3keys 2013/07/28 v4581 L3 Experimental key-value interfaces
\g__keyval_level_int=\count121
\l_keys_choice_int=\count122
)
(/usr/local/texlive/2013basic/texmf-dist/tex/latex/l3kernel/l3fp.sty
Package: l3fp 2013/07/09 v4521 L3 Floating points
\c__fp_leading_shift_int=\count123
\c__fp_middle_shift_int=\count124
\c__fp_trailing_shift_int=\count125
\c__fp_big_leading_shift_int=\count126
\c__fp_big_middle_shift_int=\count127
\c__fp_big_trailing_shift_int=\count128
\c__fp_Bigg_leading_shift_int=\count129
\c__fp_Bigg_middle_shift_int=\count130
\c__fp_Bigg_trailing_shift_int=\count131
)
(/usr/local/texlive/2013basic/texmf-dist/tex/latex/l3kernel/l3box.sty
Package: l3box 2013/07/28 v4581 L3 Experimental boxes
\c_empty_box=\box30
\l_tmpa_box=\box31
\l_tmpb_box=\box32
\g_tmpa_box=\box33
\g_tmpb_box=\box34
)
(/usr/local/texlive/2013basic/texmf-dist/tex/latex/l3kernel/l3coffins.sty
Package: l3coffins 2012/09/09 v4212 L3 Coffin code layer
\l__coffin_internal_box=\box35
\l__coffin_internal_dim=\dimen130
\l__coffin_offset_x_dim=\dimen131
\l__coffin_offset_y_dim=\dimen132
\l__coffin_x_dim=\dimen133
\l__coffin_y_dim=\dimen134
\l__coffin_x_prime_dim=\dimen135
\l__coffin_y_prime_dim=\dimen136
\c_empty_coffin=\box36
\l__coffin_aligned_coffin=\box37
\l__coffin_aligned_internal_coffin=\box38
\l_tmpa_coffin=\box39
\l_tmpb_coffin=\box40
\l__coffin_display_coffin=\box41
\l__coffin_display_coord_coffin=\box42
\l__coffin_display_pole_coffin=\box43
\l__coffin_display_offset_dim=\dimen137
\l__coffin_display_x_dim=\dimen138
\l__coffin_display_y_dim=\dimen139
)
(/usr/local/texlive/2013basic/texmf-dist/tex/latex/l3kernel/l3color.sty
Package: l3color 2012/08/29 v4156 L3 Experimental color support
)
(/usr/local/texlive/2013basic/texmf-dist/tex/latex/l3kernel/l3luatex.sty
Package: l3luatex 2013/07/28 v4581 L3 Experimental LuaTeX-specific functions
\g__cctab_allocate_int=\count132
\g__cctab_stack_int=\count133
)
(/usr/local/texlive/2013basic/texmf-dist/tex/latex/l3kernel/l3candidates.sty
Package: l3candidates 2013/07/24 v4576 L3 Experimental additions to l3kernel
\l__box_top_dim=\dimen140
\l__box_bottom_dim=\dimen141
\l__box_left_dim=\dimen142
\l__box_right_dim=\dimen143
\l__box_top_new_dim=\dimen144
\l__box_bottom_new_dim=\dimen145
\l__box_left_new_dim=\dimen146
\l__box_right_new_dim=\dimen147
\l__box_internal_box=\box44
\l__coffin_bounding_shift_dim=\dimen148
\l__coffin_left_corner_dim=\dimen149
\l__coffin_right_corner_dim=\dimen150
\l__coffin_bottom_corner_dim=\dimen151
\l__coffin_top_corner_dim=\dimen152
\l__coffin_scaled_total_height_dim=\dimen153
\l__coffin_scaled_width_dim=\dimen154
))
(/usr/local/texlive/2013basic/texmf-dist/tex/latex/l3packages/xparse/xparse.sty
Package: xparse 2013/10/13 v4597 L3 Experimental document command parser
\l__xparse_current_arg_int=\count134
\l__xparse_m_args_int=\count135
\l__xparse_mandatory_args_int=\count136
\l__xparse_processor_int=\count137
\l__xparse_v_nesting_int=\count138
)
Package: siunitx 2013/07/31 v2.5s A comprehensive (SI) units package
 (/usr/local/texlive/2013basic/texmf-dist/tex/latex/tools/array.sty
Package: array 2008/09/09 v2.4c Tabular extension package (FMi)
\col@sep=\dimen155
\extrarowheight=\dimen156
\NC@list=\toks32
\extratabsurround=\skip56
\backup@length=\skip57
)
(/usr/local/texlive/2013basic/texmf-dist/tex/latex/l3packages/l3keys2e/l3keys2e
.sty
Package: l3keys2e 2013/10/13 v4597 LaTeX2e option processing using LaTeX3 keys
)
Variant \tl_if_blank:VTF already defined; not changing it on line 50
\l__siunitx_tmp_box=\box45
\l__siunitx_tmp_dim=\dimen157
\l__siunitx_tmp_int=\count139
Variant \prop_get:NVNT already defined; not changing it on line 371
Variant \prop_get:NVNF already defined; not changing it on line 372
Variant \prop_get:NVNTF already defined; not changing it on line 373
\l__siunitx_number_mantissa_length_int=\count140
\l__siunitx_number_uncert_length_int=\count141
\l__siunitx_round_int=\count142
\l__siunitx_process_decimal_int=\count143
\l__siunitx_process_uncertainty_int=\count144
\l__siunitx_process_fixed_int=\count145
\l__siunitx_process_integer_min_int=\count146
\l__siunitx_process_precision_int=\count147
\l__siunitx_group_min_int=\count148
\l__siunitx_angle_marker_box=\box46
\l__siunitx_angle_unit_box=\box47
\l__siunitx_angle_marker_dim=\dimen158
\l__siunitx_angle_unit_dim=\dimen159
\l__siunitx_unit_int=\count149
\l__siunitx_unit_denominator_int=\count150
\l__siunitx_unit_numerator_int=\count151
\l__siunitx_unit_prefix_int=\count152
\l__siunitx_unit_prefix_base_int=\count153
\l__siunitx_unit_prefix_gram_int=\count154
\l__siunitx_number_product_int=\count155
\c__siunitx_one_fill_skip=\skip58
\l__siunitx_table_unit_align_skip=\skip59
\l__siunitx_table_exponent_dim=\dimen160
\l__siunitx_table_integer_dim=\dimen161
\l__siunitx_table_mantissa_dim=\dimen162
\l__siunitx_table_marker_dim=\dimen163
\l__siunitx_table_result_dim=\dimen164
\l__siunitx_table_uncert_dim=\dimen165
\l__siunitx_table_fill_pre_dim=\dimen166
\l__siunitx_table_fill_post_dim=\dimen167
\l__siunitx_table_fill_mid_dim=\dimen168
\l__siunitx_table_pre_box=\box48
\l__siunitx_table_post_box=\box49
\l__siunitx_table_mantissa_box=\box50
\l__siunitx_table_result_box=\box51
\l__siunitx_table_number_align_skip=\skip60
\l__siunitx_table_text_align_skip=\skip61
.................................................
. LaTeX info: "xparse/define-command"
. 
. Defining document command \DeclareBinaryPrefix with arg. spec. 'mmm' on line
. 7101.
.................................................
.................................................
. LaTeX info: "xparse/define-command"
. 
. Defining document command \DeclareSIPostPower with arg. spec. 'mm' on line
. 7104.
.................................................
.................................................
. LaTeX info: "xparse/define-command"
. 
. Defining document command \DeclareSIPrefix with arg. spec. 'mmm' on line
. 7107.
.................................................
.................................................
. LaTeX info: "xparse/define-command"
. 
. Defining document command \DeclareSIPrePower with arg. spec. 'mm' on line
. 7110.
.................................................
.................................................
. LaTeX info: "xparse/define-command"
. 
. Defining document command \DeclareSIQualifier with arg. spec. 'mm' on line
. 7113.
.................................................
.................................................
. LaTeX info: "xparse/define-command"
. 
. Defining document command \DeclareSIUnit with arg. spec. 'O{}mm' on line
. 7116.
.................................................
.................................................
. LaTeX info: "xparse/define-command"
. 
. Defining document command \DeclareSIUnitWithOptions with arg. spec. 'mmm' on
. line 7119.
.................................................
.................................................
. LaTeX info: "xparse/define-command"
. 
. Defining document command \ang with arg. spec. 'o>{\SplitArgument {2}{;}}m'
. on line 7134.
.................................................
.................................................
. LaTeX info: "xparse/define-command"
. 
. Defining document command \num with arg. spec. 'om' on line 7142.
.................................................
.................................................
. LaTeX info: "xparse/define-command"
. 
. Defining document command \numlist with arg. spec. 'o>{\SplitList {;}}m' on
. line 7150.
.................................................
.................................................
. LaTeX info: "xparse/define-command"
. 
. Defining document command \numrange with arg. spec. 'omm' on line 7158.
.................................................
.................................................
. LaTeX info: "xparse/define-command"
. 
. Defining document command \SIlist with arg. spec. 'o>{\SplitList {;}}mm' on
. line 7169.
.................................................
.................................................
. LaTeX info: "xparse/define-command"
. 
. Defining document command \SIrange with arg. spec. 'ommm' on line 7180.
.................................................
.................................................
. LaTeX info: "xparse/define-command"
. 
. Defining document command \SI with arg. spec. 'omom' on line 7191.
.................................................
.................................................
. LaTeX info: "xparse/define-command"
. 
. Defining document command \sisetup with arg. spec. 'm' on line 7194.
.................................................
.................................................
. LaTeX info: "xparse/define-command"
. 
. Defining document command \tablenum with arg. spec. 'om' on line 7206.
.................................................
.................................................
. LaTeX info: "xparse/define-command"
. 
. Defining document command \si with arg. spec. 'om' on line 7217.
.................................................
.................................................
. LaTeX info: "xparse/define-command"
. 
. Defining document command \__siunitx_bookmark_num:w with arg. spec. 'om' on
. line 7262.
.................................................
.................................................
. LaTeX info: "xparse/define-command"
. 
. Defining document command \__siunitx_bookmark_numrange:w with arg. spec.
. 'omm' on line 7264.
.................................................
.................................................
. LaTeX info: "xparse/define-command"
. 
. Defining document command \__siunitx_bookmark_SI:w with arg. spec. 'omom' on
. line 7266.
.................................................
.................................................
. LaTeX info: "xparse/define-command"
. 
. Defining document command \__siunitx_bookmark_SIlist:w with arg. spec. 'omm'
. on line 7268.
.................................................
.................................................
. LaTeX info: "xparse/define-command"
. 
. Defining document command \__siunitx_bookmark_SIrange:w with arg. spec.
. 'ommm' on line 7270.
.................................................
.................................................
. LaTeX info: "xparse/define-command"
. 
. Defining document command \__siunitx_bookmark_si:w with arg. spec. 'om' on
. line 7271.
.................................................
\g__file_internal_ior=\read1

(/usr/local/texlive/2013basic/texmf-dist/tex/latex/beamer/translator/translator
.sty
Package: translator 2010/06/12 ver 1.10

(/usr/local/texlive/2013basic/texmf-dist/tex/latex/beamer/translator/translator
-language-mappings.tex)))
(/usr/local/texlive/2013basic/texmf-dist/tex/latex/cleveref/cleveref.sty
Package: cleveref 2013/03/22 v0.18.9 Intelligent cross-referencing
Package cleveref Info: `amsthm' support loaded on input line 2583.
)
(/usr/local/texlive/2013basic/texmf-dist/tex/latex/framed/framed.sty
Package: framed 2011/10/22 v 0.96: framed or shaded text with page breaks
\OuterFrameSep=\skip62
\fb@frw=\dimen169
\fb@frh=\dimen170
\FrameRule=\dimen171
\FrameSep=\dimen172
)
(/usr/local/texlive/2013basic/texmf-dist/tex/latex/fancyhdr/fancyhdr.sty
\fancy@headwidth=\skip63
\f@ncyO@elh=\skip64
\f@ncyO@erh=\skip65
\f@ncyO@olh=\skip66
\f@ncyO@orh=\skip67
\f@ncyO@elf=\skip68
\f@ncyO@erf=\skip69
\f@ncyO@olf=\skip70
\f@ncyO@orf=\skip71
)
(/usr/local/texlive/2013basic/texmf-dist/tex/latex/listings/listings.sty
\lst@mode=\count156
\lst@gtempboxa=\box52
\lst@token=\toks33
\lst@length=\count157
\lst@currlwidth=\dimen173
\lst@column=\count158
\lst@pos=\count159
\lst@lostspace=\dimen174
\lst@width=\dimen175
\lst@newlines=\count160
\lst@lineno=\count161
\lst@maxwidth=\dimen176

(/usr/local/texlive/2013basic/texmf-dist/tex/latex/listings/lstmisc.sty
File: lstmisc.sty 2013/08/26 1.5b (Carsten Heinz)
\c@lstnumber=\count162
\lst@skipnumbers=\count163
\lst@framebox=\box53
)
(/usr/local/texlive/2013basic/texmf-dist/tex/latex/listings/listings.cfg
File: listings.cfg 2013/08/26 1.5b listings configuration
))
Package: listings 2013/08/26 1.5b (Carsten Heinz)

(/usr/local/texlive/2013basic/texmf-dist/tex/latex/graphics/color.sty
Package: color 2005/11/14 v1.0j Standard LaTeX Color (DPC)

(/usr/local/texlive/2013basic/texmf-dist/tex/latex/latexconfig/color.cfg
File: color.cfg 2007/01/18 v1.5 color configuration of teTeX/TeXLive
)
Package color Info: Driver file: pdftex.def on input line 130.
)
(/usr/local/texlive/2013basic/texmf-dist/tex/latex/url/url.sty
\Urlmuskip=\muskip17
Package: url 2006/04/12  ver 3.3  Verb mode for urls, etc.
)
(/usr/local/texlive/2013basic/texmf-dist/tex/latex/caption/caption.sty
Package: caption 2013/05/02 v3.3-89 Customizing captions (AR)

(/usr/local/texlive/2013basic/texmf-dist/tex/latex/caption/caption3.sty
Package: caption3 2013/05/02 v1.6-88 caption3 kernel (AR)
Package caption3 Info: TeX engine: e-TeX on input line 57.
\captionmargin=\dimen177
\captionmargin@=\dimen178
\captionwidth=\dimen179
\caption@tempdima=\dimen180
\caption@indent=\dimen181
\caption@parindent=\dimen182
\caption@hangindent=\dimen183
)
\c@ContinuedFloat=\count164
Package caption Info: float package is loaded.
Package caption Info: listings package is loaded.
))
(./rapport.aux)
\openout1 = `rapport.aux'.

LaTeX Font Info:    Checking defaults for OML/cmm/m/it on input line 4.
LaTeX Font Info:    ... okay on input line 4.
LaTeX Font Info:    Checking defaults for T1/cmr/m/n on input line 4.
LaTeX Font Info:    ... okay on input line 4.
LaTeX Font Info:    Checking defaults for OT1/cmr/m/n on input line 4.
LaTeX Font Info:    ... okay on input line 4.
LaTeX Font Info:    Checking defaults for OMS/cmsy/m/n on input line 4.
LaTeX Font Info:    ... okay on input line 4.
LaTeX Font Info:    Checking defaults for OMX/cmex/m/n on input line 4.
LaTeX Font Info:    ... okay on input line 4.
LaTeX Font Info:    Checking defaults for U/cmr/m/n on input line 4.
LaTeX Font Info:    ... okay on input line 4.
LaTeX Font Info:    Try loading font information for T1+lmr on input line 4.
 (/usr/local/texlive/2013basic/texmf-dist/tex/latex/lm/t1lmr.fd
File: t1lmr.fd 2009/10/30 v1.6 Font defs for Latin Modern
)
Package nag Info: Command \frontmatter not defined, skipping amendment on input
 line 4.
Package nag Info: Command \mainmatter not defined, skipping amendment on input 
line 4.
Package nag Info: Command \backmatter not defined, skipping amendment on input 
line 4.
Package nag Info: Command \RaggedLeft not defined, skipping amendment on input 
line 4.
Package nag Info: Command \RaggedRight not defined, skipping amendment on input
 line 4.
*geometry* driver: auto-detecting
*geometry* detected driver: pdftex
*geometry* verbose mode - [ preamble ] result:
* driver: pdftex
* paper: a4paper
* layout: <same size as paper>
* layoutoffset:(h,v)=(0.0pt,0.0pt)
* modes: 
* h-part:(L,W,R)=(89.62709pt, 418.25368pt, 89.6271pt)
* v-part:(T,H,B)=(101.40665pt, 591.5302pt, 152.11pt)
* \paperwidth=597.50787pt
* \paperheight=845.04684pt
* \textwidth=418.25368pt
* \textheight=591.5302pt
* \oddsidemargin=17.3571pt
* \evensidemargin=17.3571pt
* \topmargin=-7.86334pt
* \headheight=12.0pt
* \headsep=25.0pt
* \topskip=12.0pt
* \footskip=30.0pt
* \marginparwidth=44.0pt
* \marginparsep=10.0pt
* \columnsep=10.0pt
* \skip\footins=10.8pt plus 4.0pt minus 2.0pt
* \hoffset=0.0pt
* \voffset=0.0pt
* \mag=1000
* \@twocolumnfalse
* \@twosidefalse
* \@mparswitchfalse
* \@reversemarginfalse
* (1in=72.27pt=25.4mm, 1cm=28.453pt)

LaTeX Info: Redefining \microtypecontext on input line 4.
Package microtype Info: Generating PDF output.
Package microtype Info: Character protrusion enabled (level 2).
Package microtype Info: Using default protrusion set `alltext'.
Package microtype Info: Automatic font expansion enabled (level 2),
(microtype)             stretch: 20, shrink: 20, step: 1, non-selected.
Package microtype Info: Using default expansion set `basictext'.
Package microtype Info: No adjustment of tracking.
Package microtype Info: No adjustment of interword spacing.
Package microtype Info: No adjustment of character kerning.
(/usr/local/texlive/2013basic/texmf-dist/tex/latex/microtype/mt-cmr.cfg
File: mt-cmr.cfg 2013/05/19 v2.2 microtype config. file: Computer Modern Roman 
(RS)
)
(/usr/local/texlive/2013basic/texmf-dist/tex/context/base/supp-pdf.mkii
[Loading MPS to PDF converter (version 2006.09.02).]
\scratchcounter=\count165
\scratchdimen=\dimen184
\scratchbox=\box54
\nofMPsegments=\count166
\nofMParguments=\count167
\everyMPshowfont=\toks34
\MPscratchCnt=\count168
\MPscratchDim=\dimen185
\MPnumerator=\count169
\makeMPintoPDFobject=\count170
\everyMPtoPDFconversion=\toks35
)
Now handling font encoding TS1 ...
... processing UTF-8 mapping file for font encoding TS1
 (/usr/local/texlive/2013basic/texmf-dist/tex/latex/base/ts1enc.dfu
File: ts1enc.dfu 2008/04/05 v1.1m UTF-8 support for inputenc
   defining Unicode char U+00A2 (decimal 162)
   defining Unicode char U+00A3 (decimal 163)
   defining Unicode char U+00A4 (decimal 164)
   defining Unicode char U+00A5 (decimal 165)
   defining Unicode char U+00A6 (decimal 166)
   defining Unicode char U+00A7 (decimal 167)
   defining Unicode char U+00A8 (decimal 168)
   defining Unicode char U+00A9 (decimal 169)
   defining Unicode char U+00AA (decimal 170)
   defining Unicode char U+00AC (decimal 172)
   defining Unicode char U+00AE (decimal 174)
   defining Unicode char U+00AF (decimal 175)
   defining Unicode char U+00B0 (decimal 176)
   defining Unicode char U+00B1 (decimal 177)
   defining Unicode char U+00B2 (decimal 178)
   defining Unicode char U+00B3 (decimal 179)
   defining Unicode char U+00B4 (decimal 180)
   defining Unicode char U+00B5 (decimal 181)
   defining Unicode char U+00B6 (decimal 182)
   defining Unicode char U+00B7 (decimal 183)
   defining Unicode char U+00B9 (decimal 185)
   defining Unicode char U+00BA (decimal 186)
   defining Unicode char U+00BC (decimal 188)
   defining Unicode char U+00BD (decimal 189)
   defining Unicode char U+00BE (decimal 190)
   defining Unicode char U+00D7 (decimal 215)
   defining Unicode char U+00F7 (decimal 247)
   defining Unicode char U+0192 (decimal 402)
   defining Unicode char U+02C7 (decimal 711)
   defining Unicode char U+02D8 (decimal 728)
   defining Unicode char U+02DD (decimal 733)
   defining Unicode char U+0E3F (decimal 3647)
   defining Unicode char U+2016 (decimal 8214)
   defining Unicode char U+2020 (decimal 8224)
   defining Unicode char U+2021 (decimal 8225)
   defining Unicode char U+2022 (decimal 8226)
   defining Unicode char U+2030 (decimal 8240)
   defining Unicode char U+2031 (decimal 8241)
   defining Unicode char U+203B (decimal 8251)
   defining Unicode char U+203D (decimal 8253)
   defining Unicode char U+2044 (decimal 8260)
   defining Unicode char U+204E (decimal 8270)
   defining Unicode char U+2052 (decimal 8274)
   defining Unicode char U+20A1 (decimal 8353)
   defining Unicode char U+20A4 (decimal 8356)
   defining Unicode char U+20A6 (decimal 8358)
   defining Unicode char U+20A9 (decimal 8361)
   defining Unicode char U+20AB (decimal 8363)
   defining Unicode char U+20AC (decimal 8364)
   defining Unicode char U+20B1 (decimal 8369)
   defining Unicode char U+2103 (decimal 8451)
   defining Unicode char U+2116 (decimal 8470)
   defining Unicode char U+2117 (decimal 8471)
   defining Unicode char U+211E (decimal 8478)
   defining Unicode char U+2120 (decimal 8480)
   defining Unicode char U+2122 (decimal 8482)
   defining Unicode char U+2126 (decimal 8486)
   defining Unicode char U+2127 (decimal 8487)
   defining Unicode char U+212E (decimal 8494)
   defining Unicode char U+2190 (decimal 8592)
   defining Unicode char U+2191 (decimal 8593)
   defining Unicode char U+2192 (decimal 8594)
   defining Unicode char U+2193 (decimal 8595)
   defining Unicode char U+2329 (decimal 9001)
   defining Unicode char U+232A (decimal 9002)
   defining Unicode char U+2422 (decimal 9250)
   defining Unicode char U+25E6 (decimal 9702)
   defining Unicode char U+25EF (decimal 9711)
   defining Unicode char U+266A (decimal 9834)
)
(/usr/local/texlive/2013basic/texmf-dist/tex/latex/beamer/translator/dicts/tran
slator-basic-dictionary/translator-basic-dictionary-English.dict
Dictionary: translator-basic-dictionary, Language: English 
)
(/usr/local/texlive/2013basic/texmf-dist/tex/latex/siunitx/config/siunitx-abbre
viations.cfg
File: siunitx-abbreviations.cfg 2013/07/31 v2.5s siunitx: Abbreviated units
)
\c@lstlisting=\count171
Package caption Info: Begin \AtBeginDocument code.
Package caption Info: End \AtBeginDocument code.
 (./title.tex
LaTeX Font Info:    Try loading font information for OT1+lmr on input line 6.

(/usr/local/texlive/2013basic/texmf-dist/tex/latex/lm/ot1lmr.fd
File: ot1lmr.fd 2009/10/30 v1.6 Font defs for Latin Modern
)
LaTeX Font Info:    Try loading font information for OML+lmm on input line 6.

(/usr/local/texlive/2013basic/texmf-dist/tex/latex/lm/omllmm.fd
File: omllmm.fd 2009/10/30 v1.6 Font defs for Latin Modern
)
LaTeX Font Info:    Try loading font information for OMS+lmsy on input line 6.

(/usr/local/texlive/2013basic/texmf-dist/tex/latex/lm/omslmsy.fd
File: omslmsy.fd 2009/10/30 v1.6 Font defs for Latin Modern
)
LaTeX Font Info:    Try loading font information for OMX+lmex on input line 6.

(/usr/local/texlive/2013basic/texmf-dist/tex/latex/lm/omxlmex.fd
File: omxlmex.fd 2009/10/30 v1.6 Font defs for Latin Modern
)
LaTeX Font Info:    External font `lmex10' loaded for size
(Font)              <14.4> on input line 6.
LaTeX Font Info:    External font `lmex10' loaded for size
(Font)              <10> on input line 6.
LaTeX Font Info:    External font `lmex10' loaded for size
(Font)              <7> on input line 6.
LaTeX Font Info:    Try loading font information for U+msa on input line 6.

(/usr/local/texlive/2013basic/texmf-dist/tex/latex/amsfonts/umsa.fd
File: umsa.fd 2013/01/14 v3.01 AMS symbols A
)
(/usr/local/texlive/2013basic/texmf-dist/tex/latex/microtype/mt-msa.cfg
File: mt-msa.cfg 2006/02/04 v1.1 microtype config. file: AMS symbols (a) (RS)
)
LaTeX Font Info:    Try loading font information for U+msb on input line 6.

(/usr/local/texlive/2013basic/texmf-dist/tex/latex/amsfonts/umsb.fd
File: umsb.fd 2013/01/14 v3.01 AMS symbols B
)
(/usr/local/texlive/2013basic/texmf-dist/tex/latex/microtype/mt-msb.cfg
File: mt-msb.cfg 2005/06/01 v1.0 microtype config. file: AMS symbols (b) (RS)
)
[1{/usr/local/texlive/2013basic/texmf-var/fonts/map/pdftex/updmap/pdftex.map}

])
Package nag Info: Command \captionabove not defined, skipping amendment on inpu
t line 4.
Package nag Info: Command \captionbelow not defined, skipping amendment on inpu
t line 4.
Package nag Info: Command \hc@caption not defined, skipping amendment on input 
line 4.
Package nag Info: Command \topcaption not defined, skipping amendment on input 
line 4.
\c__siunitx_mathsf_int=\count172
LaTeX Font Info:    External font `lmex10' loaded for size
(Font)              <12> on input line 4.
LaTeX Font Info:    External font `lmex10' loaded for size
(Font)              <8> on input line 4.
LaTeX Font Info:    External font `lmex10' loaded for size
(Font)              <6> on input line 4.
LaTeX Font Info:    Try loading font information for OT1+lmss on input line 4.
(/usr/local/texlive/2013basic/texmf-dist/tex/latex/lm/ot1lmss.fd
File: ot1lmss.fd 2009/10/30 v1.6 Font defs for Latin Modern
)
Package microtype Info: Loading generic settings for font family
(microtype)             `lmss' (encoding: OT1).
(microtype)             For optimal results, create family-specific settings.
(microtype)             See the microtype manual for details.
\c__siunitx_mathtt_int=\count173
LaTeX Font Info:    Try loading font information for OT1+lmtt on input line 4.

(/usr/local/texlive/2013basic/texmf-dist/tex/latex/lm/ot1lmtt.fd
File: ot1lmtt.fd 2009/10/30 v1.6 Font defs for Latin Modern
)
Package microtype Info: Loading generic settings for font family
(microtype)             `lmtt' (encoding: OT1).
(microtype)             For optimal results, create family-specific settings.
(microtype)             See the microtype manual for details.

(/usr/local/texlive/2013basic/texmf-dist/tex/latex/listings/lstlang1.sty
File: lstlang1.sty 2013/08/26 1.5b listings language file
)
LaTeX Font Info:    Try loading font information for T1+pcr on input line 17.

(/usr/local/texlive/2013basic/texmf-dist/tex/latex/psnfss/t1pcr.fd
File: t1pcr.fd 2001/06/04 font definitions for T1/pcr.
)
Package microtype Info: Loading generic settings for font family
(microtype)             `pcr' (encoding: T1).
(microtype)             For optimal results, create family-specific settings.
(microtype)             See the microtype manual for details.
 (./myfft.m
LaTeX Font Info:    Font shape `T1/pcr/m/it' in size <10> not available
(Font)              Font shape `T1/pcr/m/sl' tried instead on input line 2.
)
No complaints by nag.
[1] (./rapport.aux) ) 
Here is how much of TeX's memory you used:
 18838 strings out of 494536
 350532 string characters out of 6167447
 458622 words of memory out of 5000000
 21711 multiletter control sequences out of 15000+600000
 69030 words of font info for 87 fonts, out of 8000000 for 9000
 319 hyphenation exceptions out of 8191
 49i,11n,45p,461b,1720s stack positions out of 5000i,500n,10000p,200000b,80000s
{/usr/local/texlive/2013basic/texmf-dist/fonts/enc/dvips/b
ase/8r.enc}{/usr/local/texlive/2013basic/texmf-dist/fonts/enc/dvips/lm/lm-ec.en
c}{/usr/local/texlive/2013basic/texmf-dist/fonts/enc/dvips/lm/lm-mathit.enc}{/u
sr/local/texlive/2013basic/texmf-dist/fonts/enc/dvips/lm/lm-rm.enc}</usr/local/
texlive/2013basic/texmf-dist/fonts/type1/public/lm/lmbx12.pfb></usr/local/texli
ve/2013basic/texmf-dist/fonts/type1/public/lm/lmmi12.pfb></usr/local/texlive/20
13basic/texmf-dist/fonts/type1/public/lm/lmr12.pfb></usr/local/texlive/2013basi
c/texmf-dist/fonts/type1/public/lm/lmr17.pfb></usr/local/texlive/2013basic/texm
f-dist/fonts/type1/public/lm/lmr8.pfb></usr/local/texlive/2013basic/texmf-dist/
fonts/type1/urw/courier/ucrr8a.pfb></usr/local/texlive/2013basic/texmf-dist/fon
ts/type1/urw/courier/ucrro8a.pfb>
Output written on rapport.pdf (2 pages, 121123 bytes).
PDF statistics:
 45 PDF objects out of 1000 (max. 8388607)
 33 compressed objects within 1 object stream
 0 named destinations out of 1000 (max. 500000)
 25089 words of extra memory for PDF output out of 29859 (max. 10000000)

